<?xml version="1.0" encoding="UTF-8"?>
<robot generator="Robot 6.0 (Python 3.9.13 on darwin)" generated="20221027 09:17:22.496" rpa="false" schemaversion="3">
<suite id="s1" name="Tests" source="/Users/yieh/Developer/RobotFramework/TST-Auto-BP-API/tests">
<suite id="s1-s1" name="Api" source="/Users/yieh/Developer/RobotFramework/TST-Auto-BP-API/tests/api">
<suite id="s1-s1-s1" name="Endpoints" source="/Users/yieh/Developer/RobotFramework/TST-Auto-BP-API/tests/api/endpoints">
<suite id="s1-s1-s1-s1" name="Login" source="/Users/yieh/Developer/RobotFramework/TST-Auto-BP-API/tests/api/endpoints/login">
<suite id="s1-s1-s1-s1-s1" name="verifyLogin" source="/Users/yieh/Developer/RobotFramework/TST-Auto-BP-API/tests/api/endpoints/login/verifyLogin.robot">
<test id="s1-s1-s1-s1-s1-t1" name="Verify Login Returns 200" line="10">
<kw name="Log To Console" library="BuiltIn">
<arg>\nSending Request To ${globalEndpointLogin}\n</arg>
<doc>Logs the given message to the console.</doc>
<status status="PASS" starttime="20221027 09:17:22.845" endtime="20221027 09:17:22.845"/>
</kw>
<kw name="Read Secret From Vault" library="accounts">
<var>${password}</var>
<arg>${globalAccountAdmin}</arg>
<kw name="Log To Console" library="BuiltIn">
<arg>Retrieving password for the account!</arg>
<doc>Logs the given message to the console.</doc>
<status status="PASS" starttime="20221027 09:17:22.845" endtime="20221027 09:17:22.845"/>
</kw>
<kw name="Read Secret" library="vaultAccess">
<var>${password}</var>
<arg>${accountToRetrieve}</arg>
<msg timestamp="20221027 09:17:22.875" level="INFO">Is client authenticated: True</msg>
<msg timestamp="20221027 09:17:22.877" level="INFO">${password} = masterPass</msg>
<status status="PASS" starttime="20221027 09:17:22.846" endtime="20221027 09:17:22.877"/>
</kw>
<return>
<value>${password}</value>
<status status="PASS" starttime="20221027 09:17:22.877" endtime="20221027 09:17:22.877"/>
</return>
<msg timestamp="20221027 09:17:22.878" level="INFO">${password} = masterPass</msg>
<status status="PASS" starttime="20221027 09:17:22.845" endtime="20221027 09:17:22.878"/>
</kw>
<kw name="Create Dictionary" library="BuiltIn">
<var>&amp;{jsonBody}</var>
<arg>username=${globalAccountAdmin}</arg>
<arg>password=${password}</arg>
<doc>Creates and returns a dictionary based on the given ``items``.</doc>
<msg timestamp="20221027 09:17:22.879" level="INFO">&amp;{jsonBody} = { username=admin | password=masterPass }</msg>
<status status="PASS" starttime="20221027 09:17:22.878" endtime="20221027 09:17:22.879"/>
</kw>
<kw name="Get Current Date" library="DateTime">
<var>${globalStartTime}</var>
<doc>Returns current local or UTC time with an optional increment.</doc>
<msg timestamp="20221027 09:17:22.880" level="INFO">${globalStartTime} = 2022-10-27 09:17:22.879</msg>
<status status="PASS" starttime="20221027 09:17:22.879" endtime="20221027 09:17:22.880"/>
</kw>
<kw name="POST" library="RequestsLibrary">
<var>${response}</var>
<arg>url=${globalEndpointLogin}</arg>
<arg>json=${jsonBody}</arg>
<arg>expected_status=${globalOkStatusCode}</arg>
<doc>Sends a POST request.</doc>
<msg timestamp="20221027 09:17:22.892" level="INFO">POST Request : url=http://127.0.0.1:5000/login 
 path_url=/login 
 headers={'User-Agent': 'python-requests/2.28.1', 'Accept-Encoding': 'gzip, deflate', 'Accept': '*/*', 'Connection': 'keep-alive', 'Content-Length': '47', 'Content-Type': 'application/json'} 
 body=b'{"username": "admin", "password": "masterPass"}' 
 </msg>
<msg timestamp="20221027 09:17:22.892" level="INFO">POST Response : url=http://127.0.0.1:5000/login 
 status=200, reason=OK 
 headers={'Server': 'Werkzeug/2.2.2 Python/3.9.6', 'Date': 'Thu, 27 Oct 2022 07:17:22 GMT', 'Content-Type': 'application/json', 'Content-Length': '49', 'Connection': 'close'} 
 body={"token":"asfd234fkaDkf2asdf2a889DFJSFlsDFWf21"}
 
 </msg>
<msg timestamp="20221027 09:17:22.893" level="INFO">${response} = &lt;Response [200]&gt;</msg>
<status status="PASS" starttime="20221027 09:17:22.880" endtime="20221027 09:17:22.893"/>
</kw>
<kw name="Get Current Date" library="DateTime">
<var>${globalEndTime}</var>
<doc>Returns current local or UTC time with an optional increment.</doc>
<msg timestamp="20221027 09:17:22.893" level="INFO">${globalEndTime} = 2022-10-27 09:17:22.893</msg>
<status status="PASS" starttime="20221027 09:17:22.893" endtime="20221027 09:17:22.893"/>
</kw>
<kw name="Validate Response Time" library="validations">
<arg>${globalStartTime}</arg>
<arg>${globalEndTime}</arg>
<kw name="Log To Console" library="BuiltIn">
<arg>Validating the reponse time!</arg>
<doc>Logs the given message to the console.</doc>
<status status="PASS" starttime="20221027 09:17:22.894" endtime="20221027 09:17:22.894"/>
</kw>
<kw name="Subtract Date From Date" library="DateTime">
<var>${responseTime}</var>
<arg>${endTime}</arg>
<arg>${startTime}</arg>
<doc>Subtracts date from another date and returns time between.</doc>
<msg timestamp="20221027 09:17:22.899" level="INFO">${responseTime} = 0.014</msg>
<status status="PASS" starttime="20221027 09:17:22.895" endtime="20221027 09:17:22.899"/>
</kw>
<kw name="Run Keyword And Warn On Failure" library="BuiltIn">
<arg>Should Be True</arg>
<arg>${responseTime} &lt; ${expectedResponseTime}</arg>
<doc>Runs the specified keyword logs a warning if the keyword fails.</doc>
<kw name="Should Be True" library="BuiltIn">
<arg>${responseTime} &lt; ${expectedResponseTime}</arg>
<doc>Fails if the given condition is not true.</doc>
<msg timestamp="20221027 09:17:22.900" level="FAIL">'0.014 &lt; 0.007' should be true.</msg>
<status status="FAIL" starttime="20221027 09:17:22.900" endtime="20221027 09:17:22.900"/>
</kw>
<msg timestamp="20221027 09:17:22.900" level="WARN">Executing keyword 'Should Be True' failed:
'0.014 &lt; 0.007' should be true.</msg>
<status status="PASS" starttime="20221027 09:17:22.899" endtime="20221027 09:17:22.901"/>
</kw>
<status status="PASS" starttime="20221027 09:17:22.894" endtime="20221027 09:17:22.901"/>
</kw>
<kw name="Validate Json Schema" library="jsonValidateSchema">
<arg>inputJson=${response.json()}</arg>
<arg>referenceSchemaPath=${globalSchemaLogin}</arg>
<msg timestamp="20221027 09:17:22.904" level="INFO">{'type': 'object', 'properties': {'token': {'type': 'string'}}, 'required': ['token']}
{'type': 'object', 'properties': {'token': {'type': 'string'}}, 'required': ['token']}</msg>
<status status="PASS" starttime="20221027 09:17:22.901" endtime="20221027 09:17:22.905"/>
</kw>
<status status="PASS" starttime="20221027 09:17:22.844" endtime="20221027 09:17:22.905"/>
</test>
<status status="PASS" starttime="20221027 09:17:22.528" endtime="20221027 09:17:22.906"/>
</suite>
<suite id="s1-s1-s1-s1-s2" name="wrongPasswordLogin" source="/Users/yieh/Developer/RobotFramework/TST-Auto-BP-API/tests/api/endpoints/login/wrongPasswordLogin.robot">
<test id="s1-s1-s1-s1-s2-t1" name="Verify Login With Wrong Password Returns 401" line="10">
<kw name="Custom Test Template">
<arg>admin</arg>
<arg>wrongPass</arg>
<kw name="Log To Console" library="BuiltIn">
<arg>\nSending Request To ${globalEndpointLogin}\n</arg>
<doc>Logs the given message to the console.</doc>
<status status="PASS" starttime="20221027 09:17:22.914" endtime="20221027 09:17:22.914"/>
</kw>
<kw name="Create Dictionary" library="BuiltIn">
<var>&amp;{jsonBody}</var>
<arg>username=${username}</arg>
<arg>password=${password}</arg>
<doc>Creates and returns a dictionary based on the given ``items``.</doc>
<msg timestamp="20221027 09:17:22.914" level="INFO">&amp;{jsonBody} = { username=admin | password=wrongPass }</msg>
<status status="PASS" starttime="20221027 09:17:22.914" endtime="20221027 09:17:22.915"/>
</kw>
<kw name="Get Current Date" library="DateTime">
<var>${globalStartTime}</var>
<doc>Returns current local or UTC time with an optional increment.</doc>
<msg timestamp="20221027 09:17:22.915" level="INFO">${globalStartTime} = 2022-10-27 09:17:22.915</msg>
<status status="PASS" starttime="20221027 09:17:22.915" endtime="20221027 09:17:22.915"/>
</kw>
<kw name="POST" library="RequestsLibrary">
<var>${response}</var>
<arg>url=${globalEndpointLogin}</arg>
<arg>json=${jsonBody}</arg>
<arg>expected_status=${globalUnauthorizedStatusCode}</arg>
<doc>Sends a POST request.</doc>
<msg timestamp="20221027 09:17:22.922" level="INFO">POST Request : url=http://127.0.0.1:5000/login 
 path_url=/login 
 headers={'User-Agent': 'python-requests/2.28.1', 'Accept-Encoding': 'gzip, deflate', 'Accept': '*/*', 'Connection': 'keep-alive', 'Content-Length': '46', 'Content-Type': 'application/json'} 
 body=b'{"username": "admin", "password": "wrongPass"}' 
 </msg>
<msg timestamp="20221027 09:17:22.922" level="INFO">POST Response : url=http://127.0.0.1:5000/login 
 status=401, reason=UNAUTHORIZED 
 headers={'Server': 'Werkzeug/2.2.2 Python/3.9.6', 'Date': 'Thu, 27 Oct 2022 07:17:22 GMT', 'Content-Type': 'application/json', 'Content-Length': '27', 'Connection': 'close'} 
 body={"ERROR":"NOT AUTHORIZED"}
 
 </msg>
<msg timestamp="20221027 09:17:22.922" level="INFO">${response} = &lt;Response [401]&gt;</msg>
<status status="PASS" starttime="20221027 09:17:22.915" endtime="20221027 09:17:22.922"/>
</kw>
<kw name="Get Current Date" library="DateTime">
<var>${globalEndTime}</var>
<doc>Returns current local or UTC time with an optional increment.</doc>
<msg timestamp="20221027 09:17:22.923" level="INFO">${globalEndTime} = 2022-10-27 09:17:22.923</msg>
<status status="PASS" starttime="20221027 09:17:22.922" endtime="20221027 09:17:22.923"/>
</kw>
<kw name="Validate Response Time" library="validations">
<arg>${globalStartTime}</arg>
<arg>${globalEndTime}</arg>
<kw name="Log To Console" library="BuiltIn">
<arg>Validating the reponse time!</arg>
<doc>Logs the given message to the console.</doc>
<status status="PASS" starttime="20221027 09:17:22.923" endtime="20221027 09:17:22.923"/>
</kw>
<kw name="Subtract Date From Date" library="DateTime">
<var>${responseTime}</var>
<arg>${endTime}</arg>
<arg>${startTime}</arg>
<doc>Subtracts date from another date and returns time between.</doc>
<msg timestamp="20221027 09:17:22.924" level="INFO">${responseTime} = 0.008</msg>
<status status="PASS" starttime="20221027 09:17:22.923" endtime="20221027 09:17:22.924"/>
</kw>
<kw name="Run Keyword And Warn On Failure" library="BuiltIn">
<arg>Should Be True</arg>
<arg>${responseTime} &lt; ${expectedResponseTime}</arg>
<doc>Runs the specified keyword logs a warning if the keyword fails.</doc>
<kw name="Should Be True" library="BuiltIn">
<arg>${responseTime} &lt; ${expectedResponseTime}</arg>
<doc>Fails if the given condition is not true.</doc>
<msg timestamp="20221027 09:17:22.924" level="FAIL">'0.008 &lt; 0.007' should be true.</msg>
<status status="FAIL" starttime="20221027 09:17:22.924" endtime="20221027 09:17:22.924"/>
</kw>
<msg timestamp="20221027 09:17:22.924" level="WARN">Executing keyword 'Should Be True' failed:
'0.008 &lt; 0.007' should be true.</msg>
<status status="PASS" starttime="20221027 09:17:22.924" endtime="20221027 09:17:22.925"/>
</kw>
<status status="PASS" starttime="20221027 09:17:22.923" endtime="20221027 09:17:22.925"/>
</kw>
<kw name="Validate Schema" library="validations">
<arg>inputJson=${response.json()}</arg>
<arg>referenceSchemaPath=${globalSchemaLoginError}</arg>
<kw name="Log To Console" library="BuiltIn">
<arg>Validating the Json Schema!</arg>
<doc>Logs the given message to the console.</doc>
<status status="PASS" starttime="20221027 09:17:22.926" endtime="20221027 09:17:22.926"/>
</kw>
<kw name="Validate Json Schema" library="jsonValidateSchema">
<arg>${inputJson}</arg>
<arg>${referenceSchemaPath}</arg>
<msg timestamp="20221027 09:17:22.928" level="INFO">{'type': 'object', 'properties': {'ERROR': {'type': 'string'}}, 'required': ['ERROR']}
{'type': 'object', 'properties': {'ERROR': {'type': 'string'}}, 'required': ['ERROR']}</msg>
<status status="PASS" starttime="20221027 09:17:22.926" endtime="20221027 09:17:22.928"/>
</kw>
<status status="PASS" starttime="20221027 09:17:22.925" endtime="20221027 09:17:22.929"/>
</kw>
<status status="PASS" starttime="20221027 09:17:22.913" endtime="20221027 09:17:22.929"/>
</kw>
<status status="PASS" starttime="20221027 09:17:22.913" endtime="20221027 09:17:22.929"/>
</test>
<test id="s1-s1-s1-s1-s2-t2" name="Verify Login With Wrong User Returns 401" line="11">
<kw name="Custom Test Template">
<arg>guest</arg>
<arg>masterPass</arg>
<kw name="Log To Console" library="BuiltIn">
<arg>\nSending Request To ${globalEndpointLogin}\n</arg>
<doc>Logs the given message to the console.</doc>
<status status="PASS" starttime="20221027 09:17:22.930" endtime="20221027 09:17:22.930"/>
</kw>
<kw name="Create Dictionary" library="BuiltIn">
<var>&amp;{jsonBody}</var>
<arg>username=${username}</arg>
<arg>password=${password}</arg>
<doc>Creates and returns a dictionary based on the given ``items``.</doc>
<msg timestamp="20221027 09:17:22.931" level="INFO">&amp;{jsonBody} = { username=guest | password=masterPass }</msg>
<status status="PASS" starttime="20221027 09:17:22.930" endtime="20221027 09:17:22.931"/>
</kw>
<kw name="Get Current Date" library="DateTime">
<var>${globalStartTime}</var>
<doc>Returns current local or UTC time with an optional increment.</doc>
<msg timestamp="20221027 09:17:22.931" level="INFO">${globalStartTime} = 2022-10-27 09:17:22.931</msg>
<status status="PASS" starttime="20221027 09:17:22.931" endtime="20221027 09:17:22.931"/>
</kw>
<kw name="POST" library="RequestsLibrary">
<var>${response}</var>
<arg>url=${globalEndpointLogin}</arg>
<arg>json=${jsonBody}</arg>
<arg>expected_status=${globalUnauthorizedStatusCode}</arg>
<doc>Sends a POST request.</doc>
<msg timestamp="20221027 09:17:22.937" level="INFO">POST Request : url=http://127.0.0.1:5000/login 
 path_url=/login 
 headers={'User-Agent': 'python-requests/2.28.1', 'Accept-Encoding': 'gzip, deflate', 'Accept': '*/*', 'Connection': 'keep-alive', 'Content-Length': '47', 'Content-Type': 'application/json'} 
 body=b'{"username": "guest", "password": "masterPass"}' 
 </msg>
<msg timestamp="20221027 09:17:22.937" level="INFO">POST Response : url=http://127.0.0.1:5000/login 
 status=401, reason=UNAUTHORIZED 
 headers={'Server': 'Werkzeug/2.2.2 Python/3.9.6', 'Date': 'Thu, 27 Oct 2022 07:17:22 GMT', 'Content-Type': 'application/json', 'Content-Length': '27', 'Connection': 'close'} 
 body={"ERROR":"NOT AUTHORIZED"}
 
 </msg>
<msg timestamp="20221027 09:17:22.937" level="INFO">${response} = &lt;Response [401]&gt;</msg>
<status status="PASS" starttime="20221027 09:17:22.931" endtime="20221027 09:17:22.937"/>
</kw>
<kw name="Get Current Date" library="DateTime">
<var>${globalEndTime}</var>
<doc>Returns current local or UTC time with an optional increment.</doc>
<msg timestamp="20221027 09:17:22.937" level="INFO">${globalEndTime} = 2022-10-27 09:17:22.937</msg>
<status status="PASS" starttime="20221027 09:17:22.937" endtime="20221027 09:17:22.937"/>
</kw>
<kw name="Validate Response Time" library="validations">
<arg>${globalStartTime}</arg>
<arg>${globalEndTime}</arg>
<kw name="Log To Console" library="BuiltIn">
<arg>Validating the reponse time!</arg>
<doc>Logs the given message to the console.</doc>
<status status="PASS" starttime="20221027 09:17:22.938" endtime="20221027 09:17:22.938"/>
</kw>
<kw name="Subtract Date From Date" library="DateTime">
<var>${responseTime}</var>
<arg>${endTime}</arg>
<arg>${startTime}</arg>
<doc>Subtracts date from another date and returns time between.</doc>
<msg timestamp="20221027 09:17:22.938" level="INFO">${responseTime} = 0.006</msg>
<status status="PASS" starttime="20221027 09:17:22.938" endtime="20221027 09:17:22.938"/>
</kw>
<kw name="Run Keyword And Warn On Failure" library="BuiltIn">
<arg>Should Be True</arg>
<arg>${responseTime} &lt; ${expectedResponseTime}</arg>
<doc>Runs the specified keyword logs a warning if the keyword fails.</doc>
<kw name="Should Be True" library="BuiltIn">
<arg>${responseTime} &lt; ${expectedResponseTime}</arg>
<doc>Fails if the given condition is not true.</doc>
<status status="PASS" starttime="20221027 09:17:22.939" endtime="20221027 09:17:22.939"/>
</kw>
<status status="PASS" starttime="20221027 09:17:22.938" endtime="20221027 09:17:22.939"/>
</kw>
<status status="PASS" starttime="20221027 09:17:22.937" endtime="20221027 09:17:22.939"/>
</kw>
<kw name="Validate Schema" library="validations">
<arg>inputJson=${response.json()}</arg>
<arg>referenceSchemaPath=${globalSchemaLoginError}</arg>
<kw name="Log To Console" library="BuiltIn">
<arg>Validating the Json Schema!</arg>
<doc>Logs the given message to the console.</doc>
<status status="PASS" starttime="20221027 09:17:22.940" endtime="20221027 09:17:22.940"/>
</kw>
<kw name="Validate Json Schema" library="jsonValidateSchema">
<arg>${inputJson}</arg>
<arg>${referenceSchemaPath}</arg>
<msg timestamp="20221027 09:17:22.942" level="INFO">{'type': 'object', 'properties': {'ERROR': {'type': 'string'}}, 'required': ['ERROR']}
{'type': 'object', 'properties': {'ERROR': {'type': 'string'}}, 'required': ['ERROR']}</msg>
<status status="PASS" starttime="20221027 09:17:22.941" endtime="20221027 09:17:22.942"/>
</kw>
<status status="PASS" starttime="20221027 09:17:22.939" endtime="20221027 09:17:22.942"/>
</kw>
<status status="PASS" starttime="20221027 09:17:22.930" endtime="20221027 09:17:22.942"/>
</kw>
<status status="PASS" starttime="20221027 09:17:22.929" endtime="20221027 09:17:22.942"/>
</test>
<test id="s1-s1-s1-s1-s2-t3" name="Verify Login With Empty Data Returns 401" line="12">
<kw name="Custom Test Template">
<arg>${EMPTY}</arg>
<arg>${EMPTY}</arg>
<kw name="Log To Console" library="BuiltIn">
<arg>\nSending Request To ${globalEndpointLogin}\n</arg>
<doc>Logs the given message to the console.</doc>
<status status="PASS" starttime="20221027 09:17:22.944" endtime="20221027 09:17:22.944"/>
</kw>
<kw name="Create Dictionary" library="BuiltIn">
<var>&amp;{jsonBody}</var>
<arg>username=${username}</arg>
<arg>password=${password}</arg>
<doc>Creates and returns a dictionary based on the given ``items``.</doc>
<msg timestamp="20221027 09:17:22.944" level="INFO">&amp;{jsonBody} = { username= | password= }</msg>
<status status="PASS" starttime="20221027 09:17:22.944" endtime="20221027 09:17:22.944"/>
</kw>
<kw name="Get Current Date" library="DateTime">
<var>${globalStartTime}</var>
<doc>Returns current local or UTC time with an optional increment.</doc>
<msg timestamp="20221027 09:17:22.945" level="INFO">${globalStartTime} = 2022-10-27 09:17:22.945</msg>
<status status="PASS" starttime="20221027 09:17:22.945" endtime="20221027 09:17:22.945"/>
</kw>
<kw name="POST" library="RequestsLibrary">
<var>${response}</var>
<arg>url=${globalEndpointLogin}</arg>
<arg>json=${jsonBody}</arg>
<arg>expected_status=${globalUnauthorizedStatusCode}</arg>
<doc>Sends a POST request.</doc>
<msg timestamp="20221027 09:17:22.951" level="INFO">POST Request : url=http://127.0.0.1:5000/login 
 path_url=/login 
 headers={'User-Agent': 'python-requests/2.28.1', 'Accept-Encoding': 'gzip, deflate', 'Accept': '*/*', 'Connection': 'keep-alive', 'Content-Length': '32', 'Content-Type': 'application/json'} 
 body=b'{"username": "", "password": ""}' 
 </msg>
<msg timestamp="20221027 09:17:22.951" level="INFO">POST Response : url=http://127.0.0.1:5000/login 
 status=401, reason=UNAUTHORIZED 
 headers={'Server': 'Werkzeug/2.2.2 Python/3.9.6', 'Date': 'Thu, 27 Oct 2022 07:17:22 GMT', 'Content-Type': 'application/json', 'Content-Length': '27', 'Connection': 'close'} 
 body={"ERROR":"NOT AUTHORIZED"}
 
 </msg>
<msg timestamp="20221027 09:17:22.951" level="INFO">${response} = &lt;Response [401]&gt;</msg>
<status status="PASS" starttime="20221027 09:17:22.945" endtime="20221027 09:17:22.951"/>
</kw>
<kw name="Get Current Date" library="DateTime">
<var>${globalEndTime}</var>
<doc>Returns current local or UTC time with an optional increment.</doc>
<msg timestamp="20221027 09:17:22.951" level="INFO">${globalEndTime} = 2022-10-27 09:17:22.951</msg>
<status status="PASS" starttime="20221027 09:17:22.951" endtime="20221027 09:17:22.952"/>
</kw>
<kw name="Validate Response Time" library="validations">
<arg>${globalStartTime}</arg>
<arg>${globalEndTime}</arg>
<kw name="Log To Console" library="BuiltIn">
<arg>Validating the reponse time!</arg>
<doc>Logs the given message to the console.</doc>
<status status="PASS" starttime="20221027 09:17:22.952" endtime="20221027 09:17:22.952"/>
</kw>
<kw name="Subtract Date From Date" library="DateTime">
<var>${responseTime}</var>
<arg>${endTime}</arg>
<arg>${startTime}</arg>
<doc>Subtracts date from another date and returns time between.</doc>
<msg timestamp="20221027 09:17:22.953" level="INFO">${responseTime} = 0.006</msg>
<status status="PASS" starttime="20221027 09:17:22.953" endtime="20221027 09:17:22.953"/>
</kw>
<kw name="Run Keyword And Warn On Failure" library="BuiltIn">
<arg>Should Be True</arg>
<arg>${responseTime} &lt; ${expectedResponseTime}</arg>
<doc>Runs the specified keyword logs a warning if the keyword fails.</doc>
<kw name="Should Be True" library="BuiltIn">
<arg>${responseTime} &lt; ${expectedResponseTime}</arg>
<doc>Fails if the given condition is not true.</doc>
<status status="PASS" starttime="20221027 09:17:22.953" endtime="20221027 09:17:22.954"/>
</kw>
<status status="PASS" starttime="20221027 09:17:22.953" endtime="20221027 09:17:22.954"/>
</kw>
<status status="PASS" starttime="20221027 09:17:22.952" endtime="20221027 09:17:22.954"/>
</kw>
<kw name="Validate Schema" library="validations">
<arg>inputJson=${response.json()}</arg>
<arg>referenceSchemaPath=${globalSchemaLoginError}</arg>
<kw name="Log To Console" library="BuiltIn">
<arg>Validating the Json Schema!</arg>
<doc>Logs the given message to the console.</doc>
<status status="PASS" starttime="20221027 09:17:22.955" endtime="20221027 09:17:22.955"/>
</kw>
<kw name="Validate Json Schema" library="jsonValidateSchema">
<arg>${inputJson}</arg>
<arg>${referenceSchemaPath}</arg>
<msg timestamp="20221027 09:17:22.957" level="INFO">{'type': 'object', 'properties': {'ERROR': {'type': 'string'}}, 'required': ['ERROR']}
{'type': 'object', 'properties': {'ERROR': {'type': 'string'}}, 'required': ['ERROR']}</msg>
<status status="PASS" starttime="20221027 09:17:22.955" endtime="20221027 09:17:22.957"/>
</kw>
<status status="PASS" starttime="20221027 09:17:22.954" endtime="20221027 09:17:22.958"/>
</kw>
<status status="PASS" starttime="20221027 09:17:22.943" endtime="20221027 09:17:22.958"/>
</kw>
<status status="PASS" starttime="20221027 09:17:22.943" endtime="20221027 09:17:22.958"/>
</test>
<test id="s1-s1-s1-s1-s2-t4" name="Verify Login With Wrong User And Password Returns 401" line="13">
<kw name="Custom Test Template">
<arg>guest</arg>
<arg>wrongPass</arg>
<kw name="Log To Console" library="BuiltIn">
<arg>\nSending Request To ${globalEndpointLogin}\n</arg>
<doc>Logs the given message to the console.</doc>
<status status="PASS" starttime="20221027 09:17:22.959" endtime="20221027 09:17:22.959"/>
</kw>
<kw name="Create Dictionary" library="BuiltIn">
<var>&amp;{jsonBody}</var>
<arg>username=${username}</arg>
<arg>password=${password}</arg>
<doc>Creates and returns a dictionary based on the given ``items``.</doc>
<msg timestamp="20221027 09:17:22.959" level="INFO">&amp;{jsonBody} = { username=guest | password=wrongPass }</msg>
<status status="PASS" starttime="20221027 09:17:22.959" endtime="20221027 09:17:22.960"/>
</kw>
<kw name="Get Current Date" library="DateTime">
<var>${globalStartTime}</var>
<doc>Returns current local or UTC time with an optional increment.</doc>
<msg timestamp="20221027 09:17:22.960" level="INFO">${globalStartTime} = 2022-10-27 09:17:22.960</msg>
<status status="PASS" starttime="20221027 09:17:22.960" endtime="20221027 09:17:22.960"/>
</kw>
<kw name="POST" library="RequestsLibrary">
<var>${response}</var>
<arg>url=${globalEndpointLogin}</arg>
<arg>json=${jsonBody}</arg>
<arg>expected_status=${globalUnauthorizedStatusCode}</arg>
<doc>Sends a POST request.</doc>
<msg timestamp="20221027 09:17:22.967" level="INFO">POST Request : url=http://127.0.0.1:5000/login 
 path_url=/login 
 headers={'User-Agent': 'python-requests/2.28.1', 'Accept-Encoding': 'gzip, deflate', 'Accept': '*/*', 'Connection': 'keep-alive', 'Content-Length': '46', 'Content-Type': 'application/json'} 
 body=b'{"username": "guest", "password": "wrongPass"}' 
 </msg>
<msg timestamp="20221027 09:17:22.967" level="INFO">POST Response : url=http://127.0.0.1:5000/login 
 status=401, reason=UNAUTHORIZED 
 headers={'Server': 'Werkzeug/2.2.2 Python/3.9.6', 'Date': 'Thu, 27 Oct 2022 07:17:22 GMT', 'Content-Type': 'application/json', 'Content-Length': '27', 'Connection': 'close'} 
 body={"ERROR":"NOT AUTHORIZED"}
 
 </msg>
<msg timestamp="20221027 09:17:22.968" level="INFO">${response} = &lt;Response [401]&gt;</msg>
<status status="PASS" starttime="20221027 09:17:22.960" endtime="20221027 09:17:22.968"/>
</kw>
<kw name="Get Current Date" library="DateTime">
<var>${globalEndTime}</var>
<doc>Returns current local or UTC time with an optional increment.</doc>
<msg timestamp="20221027 09:17:22.968" level="INFO">${globalEndTime} = 2022-10-27 09:17:22.968</msg>
<status status="PASS" starttime="20221027 09:17:22.968" endtime="20221027 09:17:22.968"/>
</kw>
<kw name="Validate Response Time" library="validations">
<arg>${globalStartTime}</arg>
<arg>${globalEndTime}</arg>
<kw name="Log To Console" library="BuiltIn">
<arg>Validating the reponse time!</arg>
<doc>Logs the given message to the console.</doc>
<status status="PASS" starttime="20221027 09:17:22.969" endtime="20221027 09:17:22.969"/>
</kw>
<kw name="Subtract Date From Date" library="DateTime">
<var>${responseTime}</var>
<arg>${endTime}</arg>
<arg>${startTime}</arg>
<doc>Subtracts date from another date and returns time between.</doc>
<msg timestamp="20221027 09:17:22.969" level="INFO">${responseTime} = 0.008</msg>
<status status="PASS" starttime="20221027 09:17:22.969" endtime="20221027 09:17:22.969"/>
</kw>
<kw name="Run Keyword And Warn On Failure" library="BuiltIn">
<arg>Should Be True</arg>
<arg>${responseTime} &lt; ${expectedResponseTime}</arg>
<doc>Runs the specified keyword logs a warning if the keyword fails.</doc>
<kw name="Should Be True" library="BuiltIn">
<arg>${responseTime} &lt; ${expectedResponseTime}</arg>
<doc>Fails if the given condition is not true.</doc>
<msg timestamp="20221027 09:17:22.970" level="FAIL">'0.008 &lt; 0.007' should be true.</msg>
<status status="FAIL" starttime="20221027 09:17:22.970" endtime="20221027 09:17:22.970"/>
</kw>
<msg timestamp="20221027 09:17:22.970" level="WARN">Executing keyword 'Should Be True' failed:
'0.008 &lt; 0.007' should be true.</msg>
<status status="PASS" starttime="20221027 09:17:22.969" endtime="20221027 09:17:22.970"/>
</kw>
<status status="PASS" starttime="20221027 09:17:22.968" endtime="20221027 09:17:22.970"/>
</kw>
<kw name="Validate Schema" library="validations">
<arg>inputJson=${response.json()}</arg>
<arg>referenceSchemaPath=${globalSchemaLoginError}</arg>
<kw name="Log To Console" library="BuiltIn">
<arg>Validating the Json Schema!</arg>
<doc>Logs the given message to the console.</doc>
<status status="PASS" starttime="20221027 09:17:22.971" endtime="20221027 09:17:22.972"/>
</kw>
<kw name="Validate Json Schema" library="jsonValidateSchema">
<arg>${inputJson}</arg>
<arg>${referenceSchemaPath}</arg>
<msg timestamp="20221027 09:17:22.973" level="INFO">{'type': 'object', 'properties': {'ERROR': {'type': 'string'}}, 'required': ['ERROR']}
{'type': 'object', 'properties': {'ERROR': {'type': 'string'}}, 'required': ['ERROR']}</msg>
<status status="PASS" starttime="20221027 09:17:22.972" endtime="20221027 09:17:22.974"/>
</kw>
<status status="PASS" starttime="20221027 09:17:22.971" endtime="20221027 09:17:22.974"/>
</kw>
<status status="PASS" starttime="20221027 09:17:22.959" endtime="20221027 09:17:22.974"/>
</kw>
<status status="PASS" starttime="20221027 09:17:22.958" endtime="20221027 09:17:22.974"/>
</test>
<status status="PASS" starttime="20221027 09:17:22.907" endtime="20221027 09:17:22.975"/>
</suite>
<status status="PASS" starttime="20221027 09:17:22.526" endtime="20221027 09:17:22.975"/>
</suite>
<suite id="s1-s1-s1-s2" name="Users" source="/Users/yieh/Developer/RobotFramework/TST-Auto-BP-API/tests/api/endpoints/users">
<suite id="s1-s1-s1-s2-s1" name="verifyDeleteUsers" source="/Users/yieh/Developer/RobotFramework/TST-Auto-BP-API/tests/api/endpoints/users/verifyDeleteUsers.robot">
<kw name="Custom Suite Setup" type="SETUP">
<kw name="Authorize" library="setupTeardowns">
<if>
<branch type="IF" condition="not ${globalAuthSet}">
<kw name="Create Dictionary" library="BuiltIn">
<var>&amp;{jsonBody}</var>
<arg>username=admin</arg>
<arg>password=masterPass</arg>
<doc>Creates and returns a dictionary based on the given ``items``.</doc>
<msg timestamp="20221027 09:17:22.985" level="INFO">&amp;{jsonBody} = { username=admin | password=masterPass }</msg>
<status status="PASS" starttime="20221027 09:17:22.985" endtime="20221027 09:17:22.985"/>
</kw>
<kw name="Get Current Date" library="DateTime">
<var>${globalStartTime}</var>
<doc>Returns current local or UTC time with an optional increment.</doc>
<msg timestamp="20221027 09:17:22.986" level="INFO">${globalStartTime} = 2022-10-27 09:17:22.986</msg>
<status status="PASS" starttime="20221027 09:17:22.985" endtime="20221027 09:17:22.986"/>
</kw>
<kw name="POST" library="RequestsLibrary">
<var>${response}</var>
<arg>url=${globalEndpointLogin}</arg>
<arg>json=${jsonBody}</arg>
<arg>expected_status=${globalOkStatusCode}</arg>
<doc>Sends a POST request.</doc>
<msg timestamp="20221027 09:17:22.991" level="INFO">POST Request : url=http://127.0.0.1:5000/login 
 path_url=/login 
 headers={'User-Agent': 'python-requests/2.28.1', 'Accept-Encoding': 'gzip, deflate', 'Accept': '*/*', 'Connection': 'keep-alive', 'Content-Length': '47', 'Content-Type': 'application/json'} 
 body=b'{"username": "admin", "password": "masterPass"}' 
 </msg>
<msg timestamp="20221027 09:17:22.991" level="INFO">POST Response : url=http://127.0.0.1:5000/login 
 status=200, reason=OK 
 headers={'Server': 'Werkzeug/2.2.2 Python/3.9.6', 'Date': 'Thu, 27 Oct 2022 07:17:22 GMT', 'Content-Type': 'application/json', 'Content-Length': '49', 'Connection': 'close'} 
 body={"token":"asfd234fkaDkf2asdf2a889DFJSFlsDFWf21"}
 
 </msg>
<msg timestamp="20221027 09:17:22.991" level="INFO">${response} = &lt;Response [200]&gt;</msg>
<status status="PASS" starttime="20221027 09:17:22.986" endtime="20221027 09:17:22.991"/>
</kw>
<kw name="Get Current Date" library="DateTime">
<var>${globalEndTime}</var>
<doc>Returns current local or UTC time with an optional increment.</doc>
<msg timestamp="20221027 09:17:22.992" level="INFO">${globalEndTime} = 2022-10-27 09:17:22.992</msg>
<status status="PASS" starttime="20221027 09:17:22.991" endtime="20221027 09:17:22.992"/>
</kw>
<kw name="Validate Response Time" library="validations">
<arg>${globalStartTime}</arg>
<arg>${globalEndTime}</arg>
<kw name="Log To Console" library="BuiltIn">
<arg>Validating the reponse time!</arg>
<doc>Logs the given message to the console.</doc>
<status status="PASS" starttime="20221027 09:17:22.992" endtime="20221027 09:17:22.992"/>
</kw>
<kw name="Subtract Date From Date" library="DateTime">
<var>${responseTime}</var>
<arg>${endTime}</arg>
<arg>${startTime}</arg>
<doc>Subtracts date from another date and returns time between.</doc>
<msg timestamp="20221027 09:17:22.993" level="INFO">${responseTime} = 0.006</msg>
<status status="PASS" starttime="20221027 09:17:22.992" endtime="20221027 09:17:22.993"/>
</kw>
<kw name="Run Keyword And Warn On Failure" library="BuiltIn">
<arg>Should Be True</arg>
<arg>${responseTime} &lt; ${expectedResponseTime}</arg>
<doc>Runs the specified keyword logs a warning if the keyword fails.</doc>
<kw name="Should Be True" library="BuiltIn">
<arg>${responseTime} &lt; ${expectedResponseTime}</arg>
<doc>Fails if the given condition is not true.</doc>
<status status="PASS" starttime="20221027 09:17:22.993" endtime="20221027 09:17:22.993"/>
</kw>
<status status="PASS" starttime="20221027 09:17:22.993" endtime="20221027 09:17:22.993"/>
</kw>
<status status="PASS" starttime="20221027 09:17:22.992" endtime="20221027 09:17:22.993"/>
</kw>
<kw name="Set Variable" library="BuiltIn">
<var>${responseJson}</var>
<arg>${response.json()}</arg>
<doc>Returns the given values which can then be assigned to a variables.</doc>
<msg timestamp="20221027 09:17:22.994" level="INFO">${responseJson} = {'token': 'asfd234fkaDkf2asdf2a889DFJSFlsDFWf21'}</msg>
<status status="PASS" starttime="20221027 09:17:22.994" endtime="20221027 09:17:22.994"/>
</kw>
<kw name="Get From Dictionary" library="Collections">
<var>${token}</var>
<arg>${responseJson}</arg>
<arg>token</arg>
<doc>Returns a value from the given ``dictionary`` based on the given ``key``.</doc>
<msg timestamp="20221027 09:17:22.995" level="INFO">${token} = asfd234fkaDkf2asdf2a889DFJSFlsDFWf21</msg>
<status status="PASS" starttime="20221027 09:17:22.994" endtime="20221027 09:17:22.995"/>
</kw>
<kw name="Create Dictionary" library="BuiltIn">
<var>${headers}</var>
<arg>Authorization=Bearer ${token}</arg>
<doc>Creates and returns a dictionary based on the given ``items``.</doc>
<msg timestamp="20221027 09:17:22.995" level="INFO">${headers} = {'Authorization': 'Bearer asfd234fkaDkf2asdf2a889DFJSFlsDFWf21'}</msg>
<status status="PASS" starttime="20221027 09:17:22.995" endtime="20221027 09:17:22.995"/>
</kw>
<kw name="Set Global Variable" library="BuiltIn">
<arg>${globalAuthHeader}</arg>
<arg>${headers}</arg>
<doc>Makes a variable available globally in all tests and suites.</doc>
<msg timestamp="20221027 09:17:22.996" level="INFO">${globalAuthHeader} = {'Authorization': 'Bearer asfd234fkaDkf2asdf2a889DFJSFlsDFWf21'}</msg>
<status status="PASS" starttime="20221027 09:17:22.995" endtime="20221027 09:17:22.996"/>
</kw>
<kw name="Set Global Variable" library="BuiltIn">
<arg>${globalAuthSet}</arg>
<arg>${True}</arg>
<doc>Makes a variable available globally in all tests and suites.</doc>
<msg timestamp="20221027 09:17:22.996" level="INFO">${globalAuthSet} = True</msg>
<status status="PASS" starttime="20221027 09:17:22.996" endtime="20221027 09:17:22.996"/>
</kw>
<status status="PASS" starttime="20221027 09:17:22.985" endtime="20221027 09:17:22.996"/>
</branch>
<status status="PASS" starttime="20221027 09:17:22.984" endtime="20221027 09:17:22.996"/>
</if>
<status status="PASS" starttime="20221027 09:17:22.984" endtime="20221027 09:17:22.996"/>
</kw>
<kw name="Create New User" library="setupTeardowns">
<var>${id}</var>
<var>${response}</var>
<kw name="Create List" library="BuiltIn">
<var>@{contracts}</var>
<doc>Returns a list containing given items.</doc>
<msg timestamp="20221027 09:17:22.997" level="INFO">@{contracts} = [ ]</msg>
<status status="PASS" starttime="20221027 09:17:22.997" endtime="20221027 09:17:22.998"/>
</kw>
<if>
<branch type="IF" condition="${contractsNumber} &gt; ${0}">
<for flavor="IN RANGE">
<var>${counter}</var>
<value>${contractsNumber}</value>
<iter>
<var name="${counter}">0</var>
<kw name="Create Dictionary" library="BuiltIn">
<var>${contract}</var>
<arg>currency=${contractsCurrency}</arg>
<arg>id=${contractsId}</arg>
<arg>price=${contractsPrice}</arg>
<arg>type=${contractsType}</arg>
<doc>Creates and returns a dictionary based on the given ``items``.</doc>
<msg timestamp="20221027 09:17:22.999" level="INFO">${contract} = {'currency': 'EUR', 'id': '33', 'price': 9.99, 'type': 'basic'}</msg>
<status status="PASS" starttime="20221027 09:17:22.999" endtime="20221027 09:17:22.999"/>
</kw>
<kw name="Append To List" library="Collections">
<arg>${contracts}</arg>
<arg>${contract}</arg>
<doc>Adds ``values`` to the end of ``list``.</doc>
<status status="PASS" starttime="20221027 09:17:22.999" endtime="20221027 09:17:22.999"/>
</kw>
<status status="PASS" starttime="20221027 09:17:22.998" endtime="20221027 09:17:22.999"/>
</iter>
<status status="PASS" starttime="20221027 09:17:22.998" endtime="20221027 09:17:23.000"/>
</for>
<status status="PASS" starttime="20221027 09:17:22.998" endtime="20221027 09:17:23.000"/>
</branch>
<status status="PASS" starttime="20221027 09:17:22.998" endtime="20221027 09:17:23.000"/>
</if>
<kw name="Create Dictionary" library="BuiltIn">
<var>${body}</var>
<arg>active=${active}</arg>
<arg>city=${city}</arg>
<arg>contracts=${contracts}</arg>
<arg>email=${email}</arg>
<arg>name=${name}</arg>
<arg>street=${street}</arg>
<arg>surname=${surname}</arg>
<arg>zip=${zip}</arg>
<doc>Creates and returns a dictionary based on the given ``items``.</doc>
<msg timestamp="20221027 09:17:23.000" level="INFO">${body} = {'active': True, 'city': 'Paris', 'contracts': [{'currency': 'EUR', 'id': '33', 'price': 9.99, 'type': 'basic'}], 'email': 'yassine.ibnelhassan@outlook.com', 'name': 'IBN EL HASSAN', 'street': '1st st...</msg>
<status status="PASS" starttime="20221027 09:17:23.000" endtime="20221027 09:17:23.000"/>
</kw>
<kw name="Get Current Date" library="DateTime">
<var>${globalStartTime}</var>
<doc>Returns current local or UTC time with an optional increment.</doc>
<msg timestamp="20221027 09:17:23.001" level="INFO">${globalStartTime} = 2022-10-27 09:17:23.001</msg>
<status status="PASS" starttime="20221027 09:17:23.000" endtime="20221027 09:17:23.001"/>
</kw>
<kw name="POST" library="RequestsLibrary">
<var>${response}</var>
<arg>url=${globalEndpointUsers}</arg>
<arg>json=${body}</arg>
<arg>expected_status=${expectedStatus}</arg>
<arg>headers=${globalAuthHeader}</arg>
<doc>Sends a POST request.</doc>
<msg timestamp="20221027 09:17:23.026" level="INFO">POST Request : url=http://127.0.0.1:5000/users 
 path_url=/users 
 headers={'User-Agent': 'python-requests/2.28.1', 'Accept-Encoding': 'gzip, deflate', 'Accept': '*/*', 'Connection': 'keep-alive', 'Authorization': 'Bearer asfd234fkaDkf2asdf2a889DFJSFlsDFWf21', 'Content-Length': '244', 'Content-Type': 'application/json'} 
 body=b'{"active": true, "city": "Paris", "contracts": [{"currency": "EUR", "id": "33", "price": 9.99, "type": "basic"}], "email": "yassine.ibnelhassan@outlook.com", "name": "IBN EL HASSAN", "street": "1st street", "surname": "Yassine", "zip": "95100"}' 
 </msg>
<msg timestamp="20221027 09:17:23.026" level="INFO">POST Response : url=http://127.0.0.1:5000/users 
 status=201, reason=CREATED 
 headers={'Server': 'Werkzeug/2.2.2 Python/3.9.6', 'Date': 'Thu, 27 Oct 2022 07:17:23 GMT', 'Content-Type': 'application/json', 'Content-Length': '12', 'Connection': 'close'} 
 body={"ID":8456}
 
 </msg>
<msg timestamp="20221027 09:17:23.026" level="INFO">${response} = &lt;Response [201]&gt;</msg>
<status status="PASS" starttime="20221027 09:17:23.001" endtime="20221027 09:17:23.026"/>
</kw>
<kw name="Get Current Date" library="DateTime">
<var>${globalEndTime}</var>
<doc>Returns current local or UTC time with an optional increment.</doc>
<msg timestamp="20221027 09:17:23.027" level="INFO">${globalEndTime} = 2022-10-27 09:17:23.027</msg>
<status status="PASS" starttime="20221027 09:17:23.026" endtime="20221027 09:17:23.027"/>
</kw>
<kw name="Validate Response Time" library="validations">
<arg>${globalStartTime}</arg>
<arg>${globalEndTime}</arg>
<kw name="Log To Console" library="BuiltIn">
<arg>Validating the reponse time!</arg>
<doc>Logs the given message to the console.</doc>
<status status="PASS" starttime="20221027 09:17:23.027" endtime="20221027 09:17:23.028"/>
</kw>
<kw name="Subtract Date From Date" library="DateTime">
<var>${responseTime}</var>
<arg>${endTime}</arg>
<arg>${startTime}</arg>
<doc>Subtracts date from another date and returns time between.</doc>
<msg timestamp="20221027 09:17:23.028" level="INFO">${responseTime} = 0.026</msg>
<status status="PASS" starttime="20221027 09:17:23.028" endtime="20221027 09:17:23.028"/>
</kw>
<kw name="Run Keyword And Warn On Failure" library="BuiltIn">
<arg>Should Be True</arg>
<arg>${responseTime} &lt; ${expectedResponseTime}</arg>
<doc>Runs the specified keyword logs a warning if the keyword fails.</doc>
<kw name="Should Be True" library="BuiltIn">
<arg>${responseTime} &lt; ${expectedResponseTime}</arg>
<doc>Fails if the given condition is not true.</doc>
<msg timestamp="20221027 09:17:23.029" level="FAIL">'0.026 &lt; 0.007' should be true.</msg>
<status status="FAIL" starttime="20221027 09:17:23.029" endtime="20221027 09:17:23.029"/>
</kw>
<msg timestamp="20221027 09:17:23.029" level="WARN">Executing keyword 'Should Be True' failed:
'0.026 &lt; 0.007' should be true.</msg>
<status status="PASS" starttime="20221027 09:17:23.028" endtime="20221027 09:17:23.029"/>
</kw>
<status status="PASS" starttime="20221027 09:17:23.027" endtime="20221027 09:17:23.029"/>
</kw>
<kw name="Set Variable" library="BuiltIn">
<var>${userId}</var>
<arg>${EMPTY}</arg>
<doc>Returns the given values which can then be assigned to a variables.</doc>
<msg timestamp="20221027 09:17:23.030" level="INFO">${userId} = </msg>
<status status="PASS" starttime="20221027 09:17:23.030" endtime="20221027 09:17:23.030"/>
</kw>
<if>
<branch type="IF" condition="&quot;${expectedStatus}&quot; == &quot;${globalCreatedStatusCode}&quot;">
<kw name="Get From Dictionary" library="Collections">
<var>${userId}</var>
<arg>${response.json()}</arg>
<arg>ID</arg>
<doc>Returns a value from the given ``dictionary`` based on the given ``key``.</doc>
<msg timestamp="20221027 09:17:23.031" level="INFO">${userId} = 8456</msg>
<status status="PASS" starttime="20221027 09:17:23.031" endtime="20221027 09:17:23.031"/>
</kw>
<status status="PASS" starttime="20221027 09:17:23.031" endtime="20221027 09:17:23.031"/>
</branch>
<status status="PASS" starttime="20221027 09:17:23.030" endtime="20221027 09:17:23.031"/>
</if>
<return>
<value>${userId}</value>
<value>${response}</value>
<status status="PASS" starttime="20221027 09:17:23.031" endtime="20221027 09:17:23.031"/>
</return>
<msg timestamp="20221027 09:17:23.032" level="INFO">${id} = 8456</msg>
<msg timestamp="20221027 09:17:23.032" level="INFO">${response} = &lt;Response [201]&gt;</msg>
<status status="PASS" starttime="20221027 09:17:22.996" endtime="20221027 09:17:23.032"/>
</kw>
<kw name="Set Suite Variable" library="BuiltIn">
<arg>${suiteUserId}</arg>
<arg>${id}</arg>
<doc>Makes a variable available everywhere within the scope of the current suite.</doc>
<msg timestamp="20221027 09:17:23.033" level="INFO">${suiteUserId} = 8456</msg>
<status status="PASS" starttime="20221027 09:17:23.032" endtime="20221027 09:17:23.033"/>
</kw>
<status status="PASS" starttime="20221027 09:17:22.984" endtime="20221027 09:17:23.033"/>
</kw>
<test id="s1-s1-s1-s2-s1-t1" name="Verify Delete Users 200" line="14">
<kw name="Log To Console" library="BuiltIn">
<arg>\Sending Resquest To ${globalEndpointUsers}\n</arg>
<doc>Logs the given message to the console.</doc>
<status status="PASS" starttime="20221027 09:17:23.033" endtime="20221027 09:17:23.033"/>
</kw>
<kw name="Get Current Date" library="DateTime">
<var>${globalStartTime}</var>
<doc>Returns current local or UTC time with an optional increment.</doc>
<msg timestamp="20221027 09:17:23.034" level="INFO">${globalStartTime} = 2022-10-27 09:17:23.034</msg>
<status status="PASS" starttime="20221027 09:17:23.034" endtime="20221027 09:17:23.034"/>
</kw>
<kw name="Delete User" library="setupTeardowns">
<var>${response}</var>
<arg>${suiteUserId}</arg>
<kw name="Get Current Date" library="DateTime">
<var>${globalStartTime}</var>
<doc>Returns current local or UTC time with an optional increment.</doc>
<msg timestamp="20221027 09:17:23.035" level="INFO">${globalStartTime} = 2022-10-27 09:17:23.035</msg>
<status status="PASS" starttime="20221027 09:17:23.035" endtime="20221027 09:17:23.035"/>
</kw>
<kw name="DELETE" library="RequestsLibrary">
<var>${response}</var>
<arg>url=${globalEndpointUsers}/${userId}</arg>
<arg>expected_status=${globalOkStatusCode}</arg>
<arg>headers=${globalAuthHeader}</arg>
<doc>Sends a DELETE request.</doc>
<msg timestamp="20221027 09:17:23.039" level="INFO">DELETE Request : url=http://127.0.0.1:5000/users/8456 
 path_url=/users/8456 
 headers={'User-Agent': 'python-requests/2.28.1', 'Accept-Encoding': 'gzip, deflate', 'Accept': '*/*', 'Connection': 'keep-alive', 'Authorization': 'Bearer asfd234fkaDkf2asdf2a889DFJSFlsDFWf21', 'Content-Length': '0'} 
 body=None 
 </msg>
<msg timestamp="20221027 09:17:23.039" level="INFO">DELETE Response : url=http://127.0.0.1:5000/users/8456 
 status=200, reason=OK 
 headers={'Server': 'Werkzeug/2.2.2 Python/3.9.6', 'Date': 'Thu, 27 Oct 2022 07:17:23 GMT', 'Content-Type': 'application/json', 'Content-Length': '17', 'Connection': 'close'} 
 body={"MESSAGE":"OK"}
 
 </msg>
<msg timestamp="20221027 09:17:23.039" level="INFO">${response} = &lt;Response [200]&gt;</msg>
<status status="PASS" starttime="20221027 09:17:23.035" endtime="20221027 09:17:23.040"/>
</kw>
<kw name="Get Current Date" library="DateTime">
<var>${globalEndTime}</var>
<doc>Returns current local or UTC time with an optional increment.</doc>
<msg timestamp="20221027 09:17:23.040" level="INFO">${globalEndTime} = 2022-10-27 09:17:23.040</msg>
<status status="PASS" starttime="20221027 09:17:23.040" endtime="20221027 09:17:23.040"/>
</kw>
<kw name="Validate Response Time" library="validations">
<arg>${globalStartTime}</arg>
<arg>${globalEndTime}</arg>
<kw name="Log To Console" library="BuiltIn">
<arg>Validating the reponse time!</arg>
<doc>Logs the given message to the console.</doc>
<status status="PASS" starttime="20221027 09:17:23.040" endtime="20221027 09:17:23.041"/>
</kw>
<kw name="Subtract Date From Date" library="DateTime">
<var>${responseTime}</var>
<arg>${endTime}</arg>
<arg>${startTime}</arg>
<doc>Subtracts date from another date and returns time between.</doc>
<msg timestamp="20221027 09:17:23.042" level="INFO">${responseTime} = 0.005</msg>
<status status="PASS" starttime="20221027 09:17:23.042" endtime="20221027 09:17:23.042"/>
</kw>
<kw name="Run Keyword And Warn On Failure" library="BuiltIn">
<arg>Should Be True</arg>
<arg>${responseTime} &lt; ${expectedResponseTime}</arg>
<doc>Runs the specified keyword logs a warning if the keyword fails.</doc>
<kw name="Should Be True" library="BuiltIn">
<arg>${responseTime} &lt; ${expectedResponseTime}</arg>
<doc>Fails if the given condition is not true.</doc>
<status status="PASS" starttime="20221027 09:17:23.042" endtime="20221027 09:17:23.043"/>
</kw>
<status status="PASS" starttime="20221027 09:17:23.042" endtime="20221027 09:17:23.043"/>
</kw>
<status status="PASS" starttime="20221027 09:17:23.040" endtime="20221027 09:17:23.043"/>
</kw>
<return>
<value>${response}</value>
<status status="PASS" starttime="20221027 09:17:23.043" endtime="20221027 09:17:23.043"/>
</return>
<msg timestamp="20221027 09:17:23.043" level="INFO">${response} = &lt;Response [200]&gt;</msg>
<status status="PASS" starttime="20221027 09:17:23.034" endtime="20221027 09:17:23.043"/>
</kw>
<kw name="Get Current Date" library="DateTime">
<var>${globalEndTime}</var>
<doc>Returns current local or UTC time with an optional increment.</doc>
<msg timestamp="20221027 09:17:23.044" level="INFO">${globalEndTime} = 2022-10-27 09:17:23.044</msg>
<status status="PASS" starttime="20221027 09:17:23.044" endtime="20221027 09:17:23.044"/>
</kw>
<kw name="Validate Response Time" library="validations">
<arg>${globalStartTime}</arg>
<arg>${globalEndTime}</arg>
<kw name="Log To Console" library="BuiltIn">
<arg>Validating the reponse time!</arg>
<doc>Logs the given message to the console.</doc>
<status status="PASS" starttime="20221027 09:17:23.045" endtime="20221027 09:17:23.045"/>
</kw>
<kw name="Subtract Date From Date" library="DateTime">
<var>${responseTime}</var>
<arg>${endTime}</arg>
<arg>${startTime}</arg>
<doc>Subtracts date from another date and returns time between.</doc>
<msg timestamp="20221027 09:17:23.045" level="INFO">${responseTime} = 0.01</msg>
<status status="PASS" starttime="20221027 09:17:23.045" endtime="20221027 09:17:23.046"/>
</kw>
<kw name="Run Keyword And Warn On Failure" library="BuiltIn">
<arg>Should Be True</arg>
<arg>${responseTime} &lt; ${expectedResponseTime}</arg>
<doc>Runs the specified keyword logs a warning if the keyword fails.</doc>
<kw name="Should Be True" library="BuiltIn">
<arg>${responseTime} &lt; ${expectedResponseTime}</arg>
<doc>Fails if the given condition is not true.</doc>
<msg timestamp="20221027 09:17:23.046" level="FAIL">'0.01 &lt; 0.007' should be true.</msg>
<status status="FAIL" starttime="20221027 09:17:23.046" endtime="20221027 09:17:23.046"/>
</kw>
<msg timestamp="20221027 09:17:23.046" level="WARN">Executing keyword 'Should Be True' failed:
'0.01 &lt; 0.007' should be true.</msg>
<status status="PASS" starttime="20221027 09:17:23.046" endtime="20221027 09:17:23.047"/>
</kw>
<status status="PASS" starttime="20221027 09:17:23.044" endtime="20221027 09:17:23.047"/>
</kw>
<kw name="Validate Schema" library="validations">
<arg>inputJson=${response.json()}</arg>
<arg>referenceSchemaPath=${globalSchemaUsersDelete}</arg>
<kw name="Log To Console" library="BuiltIn">
<arg>Validating the Json Schema!</arg>
<doc>Logs the given message to the console.</doc>
<status status="PASS" starttime="20221027 09:17:23.048" endtime="20221027 09:17:23.049"/>
</kw>
<kw name="Validate Json Schema" library="jsonValidateSchema">
<arg>${inputJson}</arg>
<arg>${referenceSchemaPath}</arg>
<msg timestamp="20221027 09:17:23.051" level="INFO">{'type': 'object', 'properties': {'MESSAGE': {'type': 'string', 'const': 'OK'}}, 'required': ['MESSAGE']}
{'type': 'object', 'properties': {'MESSAGE': {'type': 'string', 'const': 'OK'}}, 'required': ['MESSAGE']}</msg>
<status status="PASS" starttime="20221027 09:17:23.049" endtime="20221027 09:17:23.051"/>
</kw>
<status status="PASS" starttime="20221027 09:17:23.047" endtime="20221027 09:17:23.051"/>
</kw>
<status status="PASS" starttime="20221027 09:17:23.033" endtime="20221027 09:17:23.051"/>
</test>
<status status="PASS" starttime="20221027 09:17:22.978" endtime="20221027 09:17:23.052"/>
</suite>
<suite id="s1-s1-s1-s2-s2" name="verifyGetUsers" source="/Users/yieh/Developer/RobotFramework/TST-Auto-BP-API/tests/api/endpoints/users/verifyGetUsers.robot">
<kw name="Authorize" library="setupTeardowns" type="SETUP">
<if>
<branch type="IF" condition="not ${globalAuthSet}">
<kw name="Create Dictionary" library="BuiltIn">
<var>&amp;{jsonBody}</var>
<arg>username=admin</arg>
<arg>password=masterPass</arg>
<doc>Creates and returns a dictionary based on the given ``items``.</doc>
<status status="NOT RUN" starttime="20221027 09:17:23.060" endtime="20221027 09:17:23.060"/>
</kw>
<kw name="Get Current Date" library="DateTime">
<var>${globalStartTime}</var>
<doc>Returns current local or UTC time with an optional increment.</doc>
<status status="NOT RUN" starttime="20221027 09:17:23.060" endtime="20221027 09:17:23.060"/>
</kw>
<kw name="POST" library="RequestsLibrary">
<var>${response}</var>
<arg>url=${globalEndpointLogin}</arg>
<arg>json=${jsonBody}</arg>
<arg>expected_status=${globalOkStatusCode}</arg>
<doc>Sends a POST request.</doc>
<status status="NOT RUN" starttime="20221027 09:17:23.060" endtime="20221027 09:17:23.060"/>
</kw>
<kw name="Get Current Date" library="DateTime">
<var>${globalEndTime}</var>
<doc>Returns current local or UTC time with an optional increment.</doc>
<status status="NOT RUN" starttime="20221027 09:17:23.060" endtime="20221027 09:17:23.060"/>
</kw>
<kw name="Validate Response Time" library="validations">
<arg>${globalStartTime}</arg>
<arg>${globalEndTime}</arg>
<status status="NOT RUN" starttime="20221027 09:17:23.060" endtime="20221027 09:17:23.060"/>
</kw>
<kw name="Set Variable" library="BuiltIn">
<var>${responseJson}</var>
<arg>${response.json()}</arg>
<doc>Returns the given values which can then be assigned to a variables.</doc>
<status status="NOT RUN" starttime="20221027 09:17:23.060" endtime="20221027 09:17:23.060"/>
</kw>
<kw name="Get From Dictionary" library="Collections">
<var>${token}</var>
<arg>${responseJson}</arg>
<arg>token</arg>
<doc>Returns a value from the given ``dictionary`` based on the given ``key``.</doc>
<status status="NOT RUN" starttime="20221027 09:17:23.060" endtime="20221027 09:17:23.061"/>
</kw>
<kw name="Create Dictionary" library="BuiltIn">
<var>${headers}</var>
<arg>Authorization=Bearer ${token}</arg>
<doc>Creates and returns a dictionary based on the given ``items``.</doc>
<status status="NOT RUN" starttime="20221027 09:17:23.061" endtime="20221027 09:17:23.061"/>
</kw>
<kw name="Set Global Variable" library="BuiltIn">
<arg>${globalAuthHeader}</arg>
<arg>${headers}</arg>
<doc>Makes a variable available globally in all tests and suites.</doc>
<status status="NOT RUN" starttime="20221027 09:17:23.061" endtime="20221027 09:17:23.061"/>
</kw>
<kw name="Set Global Variable" library="BuiltIn">
<arg>${globalAuthSet}</arg>
<arg>${True}</arg>
<doc>Makes a variable available globally in all tests and suites.</doc>
<status status="NOT RUN" starttime="20221027 09:17:23.061" endtime="20221027 09:17:23.061"/>
</kw>
<status status="NOT RUN" starttime="20221027 09:17:23.060" endtime="20221027 09:17:23.061"/>
</branch>
<status status="PASS" starttime="20221027 09:17:23.059" endtime="20221027 09:17:23.061"/>
</if>
<status status="PASS" starttime="20221027 09:17:23.059" endtime="20221027 09:17:23.061"/>
</kw>
<test id="s1-s1-s1-s2-s2-t1" name="Verify All Users 200" line="9">
<kw name="Log To Console" library="BuiltIn">
<arg>\nSending Request To ${globalEndpointUsers}\n</arg>
<doc>Logs the given message to the console.</doc>
<status status="PASS" starttime="20221027 09:17:23.061" endtime="20221027 09:17:23.062"/>
</kw>
<kw name="Create Dictionary" library="BuiltIn">
<var>${params}</var>
<arg>filter=all</arg>
<doc>Creates and returns a dictionary based on the given ``items``.</doc>
<msg timestamp="20221027 09:17:23.063" level="INFO">${params} = {'filter': 'all'}</msg>
<status status="PASS" starttime="20221027 09:17:23.062" endtime="20221027 09:17:23.063"/>
</kw>
<kw name="Get Current Date" library="DateTime">
<var>${globalStartTime}</var>
<doc>Returns current local or UTC time with an optional increment.</doc>
<msg timestamp="20221027 09:17:23.064" level="INFO">${globalStartTime} = 2022-10-27 09:17:23.064</msg>
<status status="PASS" starttime="20221027 09:17:23.063" endtime="20221027 09:17:23.064"/>
</kw>
<kw name="GET" library="RequestsLibrary">
<var>${response}</var>
<arg>url=${globalEndpointUsers}</arg>
<arg>expected_status=${globalOkStatusCode}</arg>
<arg>headers=${globalAuthHeader}</arg>
<arg>params=${params}</arg>
<doc>Sends a GET request.</doc>
<msg timestamp="20221027 09:17:23.070" level="INFO">GET Request : url=http://127.0.0.1:5000/users?filter=all 
 path_url=/users?filter=all 
 headers={'User-Agent': 'python-requests/2.28.1', 'Accept-Encoding': 'gzip, deflate', 'Accept': '*/*', 'Connection': 'keep-alive', 'Authorization': 'Bearer asfd234fkaDkf2asdf2a889DFJSFlsDFWf21'} 
 body=None 
 </msg>
<msg timestamp="20221027 09:17:23.071" level="INFO">GET Response : url=http://127.0.0.1:5000/users?filter=all 
 status=200, reason=OK 
 headers={'Server': 'Werkzeug/2.2.2 Python/3.9.6', 'Date': 'Thu, 27 Oct 2022 07:17:23 GMT', 'Content-Type': 'application/json', 'Content-Length': '2126', 'Connection': 'close'} 
 body={"users":[{"active":true,"city":"Testcity","contracts":[{"currency":"USD","id":33,"price":9.99,"type":"basic"},{"currency":"USD","id":106,"price":39.99,"type":"premium-b"}],"email":"tom@miller.com","id":1,"name":"miller","street":"1st street","surname":"tom","zip":"99122"},{"active":true,"city":"Fakecity","contracts":[{"currency":"USD","id":33,"price":9.99,"type":"basic"},{"currency":"USD","id":22,"price":49.99,"type":"pro"},{"currency":"USD","id":105,"price":24.55,"type":"premium-a"}],"email":"celine@mayer.net","id":2,"name":"mayer","street":"Fakeburry Lane","surname":"celine","zip":"11443"},{"active":false,"city":"Frameworkcity","contracts":[{"currency":"USD","id":1,"price":0,"type":"free"}],"email":"sarah@delaney.com","id":3,"name":"delaney","street":"Robot Street","surname":"sarah","zip":"55678"},{"active":true,"city":"Testcity","contracts":[{"currency":"USD","id":33,"price":9.99,"type":"basic"},{"currency":"USD","id":33,"price":9.99,"type":"basic"},{"currency":"USD","id":33,"price":9.99,"type":"basic"}],"email":"sven@test.com","id":4759,"name":"Maximus","street":"Maximus Lane","surname":"Max","zip":"12345"},{"active":true,"city":"Testcity","contracts":[{"currency":"USD","id":33,"price":9.99,"type":"basic"},{"currency":"USD","id":33,"price":9.99,"type":"basic"},{"currency":"USD","id":33,"price":9.99,"type":"basic"}],"email":"sven@test.com","id":3163,"name":"Maximus","street":"Maximus Lane","surname":"Max","zip":"12345"},{"active":true,"city":"Testcity","contracts":[{"currency":"USD","id":33,"price":9.99,"type":"basic"},{"currency":"USD","id":33,"price":9.99,"type":"basic"},{"currency":"USD","id":33,"price":9.99,"type":"basic"}],"email":"sven@test.com","id":1230,"name":"Maximus","street":"Maximus Lane","surname":"Max","zip":"12345"},{"active":true,"city":"Paris","contracts":[{}],"email":"yassine.ibnelhassan@outlook.com","id":2589,"name":"IBN EL HASSAN","street":"1st street","surname":"Yassine","zip":"95100"},{"active":true,"city":"Paris","contracts":[{}],"email":"yassine.ibnelhassan@outlook.com","id":5231,"name":"IBN EL HASSAN","street":"1st street","surname":"Yassine","zip":"95100"}]}
 
 </msg>
<msg timestamp="20221027 09:17:23.071" level="INFO">${response} = &lt;Response [200]&gt;</msg>
<status status="PASS" starttime="20221027 09:17:23.065" endtime="20221027 09:17:23.071"/>
</kw>
<kw name="Get Current Date" library="DateTime">
<var>${globalEndTime}</var>
<doc>Returns current local or UTC time with an optional increment.</doc>
<msg timestamp="20221027 09:17:23.072" level="INFO">${globalEndTime} = 2022-10-27 09:17:23.072</msg>
<status status="PASS" starttime="20221027 09:17:23.071" endtime="20221027 09:17:23.072"/>
</kw>
<kw name="Validate Response Time" library="validations">
<arg>${globalStartTime}</arg>
<arg>${globalEndTime}</arg>
<kw name="Log To Console" library="BuiltIn">
<arg>Validating the reponse time!</arg>
<doc>Logs the given message to the console.</doc>
<status status="PASS" starttime="20221027 09:17:23.072" endtime="20221027 09:17:23.072"/>
</kw>
<kw name="Subtract Date From Date" library="DateTime">
<var>${responseTime}</var>
<arg>${endTime}</arg>
<arg>${startTime}</arg>
<doc>Subtracts date from another date and returns time between.</doc>
<msg timestamp="20221027 09:17:23.073" level="INFO">${responseTime} = 0.008</msg>
<status status="PASS" starttime="20221027 09:17:23.073" endtime="20221027 09:17:23.073"/>
</kw>
<kw name="Run Keyword And Warn On Failure" library="BuiltIn">
<arg>Should Be True</arg>
<arg>${responseTime} &lt; ${expectedResponseTime}</arg>
<doc>Runs the specified keyword logs a warning if the keyword fails.</doc>
<kw name="Should Be True" library="BuiltIn">
<arg>${responseTime} &lt; ${expectedResponseTime}</arg>
<doc>Fails if the given condition is not true.</doc>
<msg timestamp="20221027 09:17:23.074" level="FAIL">'0.008 &lt; 0.007' should be true.</msg>
<status status="FAIL" starttime="20221027 09:17:23.073" endtime="20221027 09:17:23.074"/>
</kw>
<msg timestamp="20221027 09:17:23.074" level="WARN">Executing keyword 'Should Be True' failed:
'0.008 &lt; 0.007' should be true.</msg>
<status status="PASS" starttime="20221027 09:17:23.073" endtime="20221027 09:17:23.074"/>
</kw>
<status status="PASS" starttime="20221027 09:17:23.072" endtime="20221027 09:17:23.074"/>
</kw>
<kw name="Validate Schema" library="validations">
<arg>inputJson=${response.json()}</arg>
<arg>referenceSchemaPath=${globalSchemaUsers}</arg>
<kw name="Log To Console" library="BuiltIn">
<arg>Validating the Json Schema!</arg>
<doc>Logs the given message to the console.</doc>
<status status="PASS" starttime="20221027 09:17:23.075" endtime="20221027 09:17:23.076"/>
</kw>
<kw name="Validate Json Schema" library="jsonValidateSchema">
<arg>${inputJson}</arg>
<arg>${referenceSchemaPath}</arg>
<msg timestamp="20221027 09:17:23.085" level="INFO">{'$schema': 'http://json-schema.org/draft-07/schema#', 'type': 'object', 'properties': {'users': {'type': 'array', 'items': [{'$ref': 'file:testData/schemas/usersWithId.json'}]}}, 'required': ['users']}
{'$schema': 'http://json-schema.org/draft-07/schema#', 'type': 'object', 'properties': {'users': {'type': 'array', 'items': [{'$ref': 'file:testData/schemas/usersWithId.json'}]}}, 'required': ['users']}</msg>
<status status="PASS" starttime="20221027 09:17:23.076" endtime="20221027 09:17:23.085"/>
</kw>
<status status="PASS" starttime="20221027 09:17:23.074" endtime="20221027 09:17:23.085"/>
</kw>
<status status="PASS" starttime="20221027 09:17:23.061" endtime="20221027 09:17:23.085"/>
</test>
<status status="PASS" starttime="20221027 09:17:23.053" endtime="20221027 09:17:23.086"/>
</suite>
<suite id="s1-s1-s1-s2-s3" name="verifyPostUsers" source="/Users/yieh/Developer/RobotFramework/TST-Auto-BP-API/tests/api/endpoints/users/verifyPostUsers.robot">
<kw name="Authorize" library="setupTeardowns" type="SETUP">
<if>
<branch type="IF" condition="not ${globalAuthSet}">
<kw name="Create Dictionary" library="BuiltIn">
<var>&amp;{jsonBody}</var>
<arg>username=admin</arg>
<arg>password=masterPass</arg>
<doc>Creates and returns a dictionary based on the given ``items``.</doc>
<status status="NOT RUN" starttime="20221027 09:17:23.094" endtime="20221027 09:17:23.095"/>
</kw>
<kw name="Get Current Date" library="DateTime">
<var>${globalStartTime}</var>
<doc>Returns current local or UTC time with an optional increment.</doc>
<status status="NOT RUN" starttime="20221027 09:17:23.095" endtime="20221027 09:17:23.095"/>
</kw>
<kw name="POST" library="RequestsLibrary">
<var>${response}</var>
<arg>url=${globalEndpointLogin}</arg>
<arg>json=${jsonBody}</arg>
<arg>expected_status=${globalOkStatusCode}</arg>
<doc>Sends a POST request.</doc>
<status status="NOT RUN" starttime="20221027 09:17:23.095" endtime="20221027 09:17:23.095"/>
</kw>
<kw name="Get Current Date" library="DateTime">
<var>${globalEndTime}</var>
<doc>Returns current local or UTC time with an optional increment.</doc>
<status status="NOT RUN" starttime="20221027 09:17:23.095" endtime="20221027 09:17:23.095"/>
</kw>
<kw name="Validate Response Time" library="validations">
<arg>${globalStartTime}</arg>
<arg>${globalEndTime}</arg>
<status status="NOT RUN" starttime="20221027 09:17:23.095" endtime="20221027 09:17:23.095"/>
</kw>
<kw name="Set Variable" library="BuiltIn">
<var>${responseJson}</var>
<arg>${response.json()}</arg>
<doc>Returns the given values which can then be assigned to a variables.</doc>
<status status="NOT RUN" starttime="20221027 09:17:23.095" endtime="20221027 09:17:23.095"/>
</kw>
<kw name="Get From Dictionary" library="Collections">
<var>${token}</var>
<arg>${responseJson}</arg>
<arg>token</arg>
<doc>Returns a value from the given ``dictionary`` based on the given ``key``.</doc>
<status status="NOT RUN" starttime="20221027 09:17:23.095" endtime="20221027 09:17:23.095"/>
</kw>
<kw name="Create Dictionary" library="BuiltIn">
<var>${headers}</var>
<arg>Authorization=Bearer ${token}</arg>
<doc>Creates and returns a dictionary based on the given ``items``.</doc>
<status status="NOT RUN" starttime="20221027 09:17:23.096" endtime="20221027 09:17:23.096"/>
</kw>
<kw name="Set Global Variable" library="BuiltIn">
<arg>${globalAuthHeader}</arg>
<arg>${headers}</arg>
<doc>Makes a variable available globally in all tests and suites.</doc>
<status status="NOT RUN" starttime="20221027 09:17:23.096" endtime="20221027 09:17:23.096"/>
</kw>
<kw name="Set Global Variable" library="BuiltIn">
<arg>${globalAuthSet}</arg>
<arg>${True}</arg>
<doc>Makes a variable available globally in all tests and suites.</doc>
<status status="NOT RUN" starttime="20221027 09:17:23.096" endtime="20221027 09:17:23.096"/>
</kw>
<status status="NOT RUN" starttime="20221027 09:17:23.094" endtime="20221027 09:17:23.096"/>
</branch>
<status status="PASS" starttime="20221027 09:17:23.094" endtime="20221027 09:17:23.096"/>
</if>
<status status="PASS" starttime="20221027 09:17:23.094" endtime="20221027 09:17:23.096"/>
</kw>
<test id="s1-s1-s1-s2-s3-t1" name="Verify Create New Users" line="11">
<kw name="Log To Console" library="BuiltIn">
<arg>\nSending Resquest To ${globalEndpointUsers}\n</arg>
<doc>Logs the given message to the console.</doc>
<status status="PASS" starttime="20221027 09:17:23.097" endtime="20221027 09:17:23.097"/>
</kw>
<kw name="Create New User" library="setupTeardowns">
<var>${id}</var>
<var>${response}</var>
<kw name="Create List" library="BuiltIn">
<var>@{contracts}</var>
<doc>Returns a list containing given items.</doc>
<msg timestamp="20221027 09:17:23.098" level="INFO">@{contracts} = [ ]</msg>
<status status="PASS" starttime="20221027 09:17:23.098" endtime="20221027 09:17:23.098"/>
</kw>
<if>
<branch type="IF" condition="${contractsNumber} &gt; ${0}">
<for flavor="IN RANGE">
<var>${counter}</var>
<value>${contractsNumber}</value>
<iter>
<var name="${counter}">0</var>
<kw name="Create Dictionary" library="BuiltIn">
<var>${contract}</var>
<arg>currency=${contractsCurrency}</arg>
<arg>id=${contractsId}</arg>
<arg>price=${contractsPrice}</arg>
<arg>type=${contractsType}</arg>
<doc>Creates and returns a dictionary based on the given ``items``.</doc>
<msg timestamp="20221027 09:17:23.099" level="INFO">${contract} = {'currency': 'EUR', 'id': '33', 'price': 9.99, 'type': 'basic'}</msg>
<status status="PASS" starttime="20221027 09:17:23.099" endtime="20221027 09:17:23.099"/>
</kw>
<kw name="Append To List" library="Collections">
<arg>${contracts}</arg>
<arg>${contract}</arg>
<doc>Adds ``values`` to the end of ``list``.</doc>
<status status="PASS" starttime="20221027 09:17:23.099" endtime="20221027 09:17:23.100"/>
</kw>
<status status="PASS" starttime="20221027 09:17:23.099" endtime="20221027 09:17:23.100"/>
</iter>
<status status="PASS" starttime="20221027 09:17:23.099" endtime="20221027 09:17:23.100"/>
</for>
<status status="PASS" starttime="20221027 09:17:23.099" endtime="20221027 09:17:23.100"/>
</branch>
<status status="PASS" starttime="20221027 09:17:23.098" endtime="20221027 09:17:23.100"/>
</if>
<kw name="Create Dictionary" library="BuiltIn">
<var>${body}</var>
<arg>active=${active}</arg>
<arg>city=${city}</arg>
<arg>contracts=${contracts}</arg>
<arg>email=${email}</arg>
<arg>name=${name}</arg>
<arg>street=${street}</arg>
<arg>surname=${surname}</arg>
<arg>zip=${zip}</arg>
<doc>Creates and returns a dictionary based on the given ``items``.</doc>
<msg timestamp="20221027 09:17:23.101" level="INFO">${body} = {'active': True, 'city': 'Paris', 'contracts': [{'currency': 'EUR', 'id': '33', 'price': 9.99, 'type': 'basic'}], 'email': 'yassine.ibnelhassan@outlook.com', 'name': 'IBN EL HASSAN', 'street': '1st st...</msg>
<status status="PASS" starttime="20221027 09:17:23.100" endtime="20221027 09:17:23.101"/>
</kw>
<kw name="Get Current Date" library="DateTime">
<var>${globalStartTime}</var>
<doc>Returns current local or UTC time with an optional increment.</doc>
<msg timestamp="20221027 09:17:23.101" level="INFO">${globalStartTime} = 2022-10-27 09:17:23.101</msg>
<status status="PASS" starttime="20221027 09:17:23.101" endtime="20221027 09:17:23.101"/>
</kw>
<kw name="POST" library="RequestsLibrary">
<var>${response}</var>
<arg>url=${globalEndpointUsers}</arg>
<arg>json=${body}</arg>
<arg>expected_status=${expectedStatus}</arg>
<arg>headers=${globalAuthHeader}</arg>
<doc>Sends a POST request.</doc>
<msg timestamp="20221027 09:17:23.108" level="INFO">POST Request : url=http://127.0.0.1:5000/users 
 path_url=/users 
 headers={'User-Agent': 'python-requests/2.28.1', 'Accept-Encoding': 'gzip, deflate', 'Accept': '*/*', 'Connection': 'keep-alive', 'Authorization': 'Bearer asfd234fkaDkf2asdf2a889DFJSFlsDFWf21', 'Content-Length': '244', 'Content-Type': 'application/json'} 
 body=b'{"active": true, "city": "Paris", "contracts": [{"currency": "EUR", "id": "33", "price": 9.99, "type": "basic"}], "email": "yassine.ibnelhassan@outlook.com", "name": "IBN EL HASSAN", "street": "1st street", "surname": "Yassine", "zip": "95100"}' 
 </msg>
<msg timestamp="20221027 09:17:23.109" level="INFO">POST Response : url=http://127.0.0.1:5000/users 
 status=201, reason=CREATED 
 headers={'Server': 'Werkzeug/2.2.2 Python/3.9.6', 'Date': 'Thu, 27 Oct 2022 07:17:23 GMT', 'Content-Type': 'application/json', 'Content-Length': '12', 'Connection': 'close'} 
 body={"ID":1213}
 
 </msg>
<msg timestamp="20221027 09:17:23.109" level="INFO">${response} = &lt;Response [201]&gt;</msg>
<status status="PASS" starttime="20221027 09:17:23.101" endtime="20221027 09:17:23.109"/>
</kw>
<kw name="Get Current Date" library="DateTime">
<var>${globalEndTime}</var>
<doc>Returns current local or UTC time with an optional increment.</doc>
<msg timestamp="20221027 09:17:23.109" level="INFO">${globalEndTime} = 2022-10-27 09:17:23.109</msg>
<status status="PASS" starttime="20221027 09:17:23.109" endtime="20221027 09:17:23.109"/>
</kw>
<kw name="Validate Response Time" library="validations">
<arg>${globalStartTime}</arg>
<arg>${globalEndTime}</arg>
<kw name="Log To Console" library="BuiltIn">
<arg>Validating the reponse time!</arg>
<doc>Logs the given message to the console.</doc>
<status status="PASS" starttime="20221027 09:17:23.110" endtime="20221027 09:17:23.110"/>
</kw>
<kw name="Subtract Date From Date" library="DateTime">
<var>${responseTime}</var>
<arg>${endTime}</arg>
<arg>${startTime}</arg>
<doc>Subtracts date from another date and returns time between.</doc>
<msg timestamp="20221027 09:17:23.112" level="INFO">${responseTime} = 0.008</msg>
<status status="PASS" starttime="20221027 09:17:23.111" endtime="20221027 09:17:23.112"/>
</kw>
<kw name="Run Keyword And Warn On Failure" library="BuiltIn">
<arg>Should Be True</arg>
<arg>${responseTime} &lt; ${expectedResponseTime}</arg>
<doc>Runs the specified keyword logs a warning if the keyword fails.</doc>
<kw name="Should Be True" library="BuiltIn">
<arg>${responseTime} &lt; ${expectedResponseTime}</arg>
<doc>Fails if the given condition is not true.</doc>
<msg timestamp="20221027 09:17:23.113" level="FAIL">'0.008 &lt; 0.007' should be true.</msg>
<status status="FAIL" starttime="20221027 09:17:23.112" endtime="20221027 09:17:23.113"/>
</kw>
<msg timestamp="20221027 09:17:23.113" level="WARN">Executing keyword 'Should Be True' failed:
'0.008 &lt; 0.007' should be true.</msg>
<status status="PASS" starttime="20221027 09:17:23.112" endtime="20221027 09:17:23.113"/>
</kw>
<status status="PASS" starttime="20221027 09:17:23.109" endtime="20221027 09:17:23.113"/>
</kw>
<kw name="Set Variable" library="BuiltIn">
<var>${userId}</var>
<arg>${EMPTY}</arg>
<doc>Returns the given values which can then be assigned to a variables.</doc>
<msg timestamp="20221027 09:17:23.114" level="INFO">${userId} = </msg>
<status status="PASS" starttime="20221027 09:17:23.113" endtime="20221027 09:17:23.114"/>
</kw>
<if>
<branch type="IF" condition="&quot;${expectedStatus}&quot; == &quot;${globalCreatedStatusCode}&quot;">
<kw name="Get From Dictionary" library="Collections">
<var>${userId}</var>
<arg>${response.json()}</arg>
<arg>ID</arg>
<doc>Returns a value from the given ``dictionary`` based on the given ``key``.</doc>
<msg timestamp="20221027 09:17:23.115" level="INFO">${userId} = 1213</msg>
<status status="PASS" starttime="20221027 09:17:23.115" endtime="20221027 09:17:23.116"/>
</kw>
<status status="PASS" starttime="20221027 09:17:23.115" endtime="20221027 09:17:23.116"/>
</branch>
<status status="PASS" starttime="20221027 09:17:23.114" endtime="20221027 09:17:23.116"/>
</if>
<return>
<value>${userId}</value>
<value>${response}</value>
<status status="PASS" starttime="20221027 09:17:23.116" endtime="20221027 09:17:23.116"/>
</return>
<msg timestamp="20221027 09:17:23.116" level="INFO">${id} = 1213</msg>
<msg timestamp="20221027 09:17:23.116" level="INFO">${response} = &lt;Response [201]&gt;</msg>
<status status="PASS" starttime="20221027 09:17:23.097" endtime="20221027 09:17:23.116"/>
</kw>
<kw name="Set Suite Variable" library="BuiltIn">
<arg>${suiteUserId}</arg>
<arg>${id}</arg>
<doc>Makes a variable available everywhere within the scope of the current suite.</doc>
<msg timestamp="20221027 09:17:23.117" level="INFO">${suiteUserId} = 1213</msg>
<status status="PASS" starttime="20221027 09:17:23.117" endtime="20221027 09:17:23.118"/>
</kw>
<kw name="Validate Schema" library="validations">
<arg>inputJson=${response.json()}</arg>
<arg>referenceSchemaPath=${globalSchemaUsersPost}</arg>
<kw name="Log To Console" library="BuiltIn">
<arg>Validating the Json Schema!</arg>
<doc>Logs the given message to the console.</doc>
<status status="PASS" starttime="20221027 09:17:23.119" endtime="20221027 09:17:23.120"/>
</kw>
<kw name="Validate Json Schema" library="jsonValidateSchema">
<arg>${inputJson}</arg>
<arg>${referenceSchemaPath}</arg>
<msg timestamp="20221027 09:17:23.122" level="INFO">{'type': 'object', 'properties': {'ID': {'type': 'integer'}}, 'required': ['ID']}
{'type': 'object', 'properties': {'ID': {'type': 'integer'}}, 'required': ['ID']}</msg>
<status status="PASS" starttime="20221027 09:17:23.120" endtime="20221027 09:17:23.122"/>
</kw>
<status status="PASS" starttime="20221027 09:17:23.119" endtime="20221027 09:17:23.122"/>
</kw>
<status status="PASS" starttime="20221027 09:17:23.096" endtime="20221027 09:17:23.123"/>
</test>
<kw name="Delete User" library="setupTeardowns" type="TEARDOWN">
<arg>${suiteUserId}</arg>
<kw name="Get Current Date" library="DateTime">
<var>${globalStartTime}</var>
<doc>Returns current local or UTC time with an optional increment.</doc>
<msg timestamp="20221027 09:17:23.124" level="INFO">${globalStartTime} = 2022-10-27 09:17:23.123</msg>
<status status="PASS" starttime="20221027 09:17:23.123" endtime="20221027 09:17:23.124"/>
</kw>
<kw name="DELETE" library="RequestsLibrary">
<var>${response}</var>
<arg>url=${globalEndpointUsers}/${userId}</arg>
<arg>expected_status=${globalOkStatusCode}</arg>
<arg>headers=${globalAuthHeader}</arg>
<doc>Sends a DELETE request.</doc>
<msg timestamp="20221027 09:17:23.130" level="INFO">DELETE Request : url=http://127.0.0.1:5000/users/1213 
 path_url=/users/1213 
 headers={'User-Agent': 'python-requests/2.28.1', 'Accept-Encoding': 'gzip, deflate', 'Accept': '*/*', 'Connection': 'keep-alive', 'Authorization': 'Bearer asfd234fkaDkf2asdf2a889DFJSFlsDFWf21', 'Content-Length': '0'} 
 body=None 
 </msg>
<msg timestamp="20221027 09:17:23.130" level="INFO">DELETE Response : url=http://127.0.0.1:5000/users/1213 
 status=200, reason=OK 
 headers={'Server': 'Werkzeug/2.2.2 Python/3.9.6', 'Date': 'Thu, 27 Oct 2022 07:17:23 GMT', 'Content-Type': 'application/json', 'Content-Length': '17', 'Connection': 'close'} 
 body={"MESSAGE":"OK"}
 
 </msg>
<msg timestamp="20221027 09:17:23.130" level="INFO">${response} = &lt;Response [200]&gt;</msg>
<status status="PASS" starttime="20221027 09:17:23.124" endtime="20221027 09:17:23.130"/>
</kw>
<kw name="Get Current Date" library="DateTime">
<var>${globalEndTime}</var>
<doc>Returns current local or UTC time with an optional increment.</doc>
<msg timestamp="20221027 09:17:23.131" level="INFO">${globalEndTime} = 2022-10-27 09:17:23.131</msg>
<status status="PASS" starttime="20221027 09:17:23.131" endtime="20221027 09:17:23.131"/>
</kw>
<kw name="Validate Response Time" library="validations">
<arg>${globalStartTime}</arg>
<arg>${globalEndTime}</arg>
<kw name="Log To Console" library="BuiltIn">
<arg>Validating the reponse time!</arg>
<doc>Logs the given message to the console.</doc>
<status status="PASS" starttime="20221027 09:17:23.132" endtime="20221027 09:17:23.133"/>
</kw>
<kw name="Subtract Date From Date" library="DateTime">
<var>${responseTime}</var>
<arg>${endTime}</arg>
<arg>${startTime}</arg>
<doc>Subtracts date from another date and returns time between.</doc>
<msg timestamp="20221027 09:17:23.134" level="INFO">${responseTime} = 0.008</msg>
<status status="PASS" starttime="20221027 09:17:23.133" endtime="20221027 09:17:23.134"/>
</kw>
<kw name="Run Keyword And Warn On Failure" library="BuiltIn">
<arg>Should Be True</arg>
<arg>${responseTime} &lt; ${expectedResponseTime}</arg>
<doc>Runs the specified keyword logs a warning if the keyword fails.</doc>
<kw name="Should Be True" library="BuiltIn">
<arg>${responseTime} &lt; ${expectedResponseTime}</arg>
<doc>Fails if the given condition is not true.</doc>
<msg timestamp="20221027 09:17:23.135" level="FAIL">'0.008 &lt; 0.007' should be true.</msg>
<status status="FAIL" starttime="20221027 09:17:23.135" endtime="20221027 09:17:23.135"/>
</kw>
<msg timestamp="20221027 09:17:23.136" level="WARN">Executing keyword 'Should Be True' failed:
'0.008 &lt; 0.007' should be true.</msg>
<status status="PASS" starttime="20221027 09:17:23.135" endtime="20221027 09:17:23.136"/>
</kw>
<status status="PASS" starttime="20221027 09:17:23.131" endtime="20221027 09:17:23.136"/>
</kw>
<return>
<value>${response}</value>
<status status="PASS" starttime="20221027 09:17:23.136" endtime="20221027 09:17:23.136"/>
</return>
<status status="PASS" starttime="20221027 09:17:23.123" endtime="20221027 09:17:23.136"/>
</kw>
<status status="PASS" starttime="20221027 09:17:23.087" endtime="20221027 09:17:23.136"/>
</suite>
<suite id="s1-s1-s1-s2-s4" name="wrongContractsPostUsers" source="/Users/yieh/Developer/RobotFramework/TST-Auto-BP-API/tests/api/endpoints/users/wrongContractsPostUsers.robot">
<kw name="Authorize" library="setupTeardowns" type="SETUP">
<if>
<branch type="IF" condition="not ${globalAuthSet}">
<kw name="Create Dictionary" library="BuiltIn">
<var>&amp;{jsonBody}</var>
<arg>username=admin</arg>
<arg>password=masterPass</arg>
<doc>Creates and returns a dictionary based on the given ``items``.</doc>
<status status="NOT RUN" starttime="20221027 09:17:23.146" endtime="20221027 09:17:23.146"/>
</kw>
<kw name="Get Current Date" library="DateTime">
<var>${globalStartTime}</var>
<doc>Returns current local or UTC time with an optional increment.</doc>
<status status="NOT RUN" starttime="20221027 09:17:23.146" endtime="20221027 09:17:23.146"/>
</kw>
<kw name="POST" library="RequestsLibrary">
<var>${response}</var>
<arg>url=${globalEndpointLogin}</arg>
<arg>json=${jsonBody}</arg>
<arg>expected_status=${globalOkStatusCode}</arg>
<doc>Sends a POST request.</doc>
<status status="NOT RUN" starttime="20221027 09:17:23.146" endtime="20221027 09:17:23.146"/>
</kw>
<kw name="Get Current Date" library="DateTime">
<var>${globalEndTime}</var>
<doc>Returns current local or UTC time with an optional increment.</doc>
<status status="NOT RUN" starttime="20221027 09:17:23.146" endtime="20221027 09:17:23.146"/>
</kw>
<kw name="Validate Response Time" library="validations">
<arg>${globalStartTime}</arg>
<arg>${globalEndTime}</arg>
<status status="NOT RUN" starttime="20221027 09:17:23.147" endtime="20221027 09:17:23.147"/>
</kw>
<kw name="Set Variable" library="BuiltIn">
<var>${responseJson}</var>
<arg>${response.json()}</arg>
<doc>Returns the given values which can then be assigned to a variables.</doc>
<status status="NOT RUN" starttime="20221027 09:17:23.147" endtime="20221027 09:17:23.147"/>
</kw>
<kw name="Get From Dictionary" library="Collections">
<var>${token}</var>
<arg>${responseJson}</arg>
<arg>token</arg>
<doc>Returns a value from the given ``dictionary`` based on the given ``key``.</doc>
<status status="NOT RUN" starttime="20221027 09:17:23.147" endtime="20221027 09:17:23.147"/>
</kw>
<kw name="Create Dictionary" library="BuiltIn">
<var>${headers}</var>
<arg>Authorization=Bearer ${token}</arg>
<doc>Creates and returns a dictionary based on the given ``items``.</doc>
<status status="NOT RUN" starttime="20221027 09:17:23.147" endtime="20221027 09:17:23.147"/>
</kw>
<kw name="Set Global Variable" library="BuiltIn">
<arg>${globalAuthHeader}</arg>
<arg>${headers}</arg>
<doc>Makes a variable available globally in all tests and suites.</doc>
[...]
<status status="PASS" starttime="20221027 09:17:23.327" endtime="20221027 09:17:23.327"/>
</kw>
<kw name="Run Keyword" library="BuiltIn">
<var>${response}</var>
<arg>${METHOD}</arg>
<arg>url=${endpoint}</arg>
<arg>expected_status=${globalUnauthorizedStatusCode}</arg>
<arg>headers=${authHeader}</arg>
<doc>Executes the given keyword with the given arguments.</doc>
<kw name="POST" library="RequestsLibrary">
<arg>url=${endpoint}</arg>
<arg>expected_status=${globalUnauthorizedStatusCode}</arg>
<arg>headers=${authHeader}</arg>
<doc>Sends a POST request.</doc>
<msg timestamp="20221027 09:17:23.334" level="INFO">POST Request : url=http://127.0.0.1:5000/users 
 path_url=/users 
 headers={'User-Agent': 'python-requests/2.28.1', 'Accept-Encoding': 'gzip, deflate', 'Accept': '*/*', 'Connection': 'keep-alive', 'Authorization': '', 'Content-Length': '0'} 
 body=None 
 </msg>
<msg timestamp="20221027 09:17:23.334" level="INFO">POST Response : url=http://127.0.0.1:5000/users 
 status=401, reason=UNAUTHORIZED 
 headers={'Server': 'Werkzeug/2.2.2 Python/3.9.6', 'Date': 'Thu, 27 Oct 2022 07:17:23 GMT', 'Content-Type': 'application/json', 'Content-Length': '27', 'Connection': 'close'} 
 body={"ERROR":"NOT AUTHORIZED"}
 
 </msg>
<status status="PASS" starttime="20221027 09:17:23.329" endtime="20221027 09:17:23.335"/>
</kw>
<msg timestamp="20221027 09:17:23.335" level="INFO">${response} = &lt;Response [401]&gt;</msg>
<status status="PASS" starttime="20221027 09:17:23.327" endtime="20221027 09:17:23.335"/>
</kw>
<kw name="Get Current Date" library="DateTime">
<var>${globalEndTime}</var>
<doc>Returns current local or UTC time with an optional increment.</doc>
<msg timestamp="20221027 09:17:23.335" level="INFO">${globalEndTime} = 2022-10-27 09:17:23.335</msg>
<status status="PASS" starttime="20221027 09:17:23.335" endtime="20221027 09:17:23.335"/>
</kw>
<kw name="Validate Response Time" library="validations">
<arg>${globalStartTime}</arg>
<arg>${globalEndTime}</arg>
<kw name="Log To Console" library="BuiltIn">
<arg>Validating the reponse time!</arg>
<doc>Logs the given message to the console.</doc>
<status status="PASS" starttime="20221027 09:17:23.336" endtime="20221027 09:17:23.336"/>
</kw>
<kw name="Subtract Date From Date" library="DateTime">
<var>${responseTime}</var>
<arg>${endTime}</arg>
<arg>${startTime}</arg>
<doc>Subtracts date from another date and returns time between.</doc>
<msg timestamp="20221027 09:17:23.337" level="INFO">${responseTime} = 0.008</msg>
<status status="PASS" starttime="20221027 09:17:23.336" endtime="20221027 09:17:23.337"/>
</kw>
<kw name="Run Keyword And Warn On Failure" library="BuiltIn">
<arg>Should Be True</arg>
<arg>${responseTime} &lt; ${expectedResponseTime}</arg>
<doc>Runs the specified keyword logs a warning if the keyword fails.</doc>
<kw name="Should Be True" library="BuiltIn">
<arg>${responseTime} &lt; ${expectedResponseTime}</arg>
<doc>Fails if the given condition is not true.</doc>
<msg timestamp="20221027 09:17:23.337" level="FAIL">'0.008 &lt; 0.007' should be true.</msg>
<status status="FAIL" starttime="20221027 09:17:23.337" endtime="20221027 09:17:23.337"/>
</kw>
<msg timestamp="20221027 09:17:23.337" level="WARN">Executing keyword 'Should Be True' failed:
'0.008 &lt; 0.007' should be true.</msg>
<status status="PASS" starttime="20221027 09:17:23.337" endtime="20221027 09:17:23.338"/>
</kw>
<status status="PASS" starttime="20221027 09:17:23.335" endtime="20221027 09:17:23.338"/>
</kw>
<kw name="Validate Schema" library="validations">
<arg>inputJson=${response.json()}</arg>
<arg>referenceSchemaPath=${globalSchemaLoginError}</arg>
<kw name="Log To Console" library="BuiltIn">
<arg>Validating the Json Schema!</arg>
<doc>Logs the given message to the console.</doc>
<status status="PASS" starttime="20221027 09:17:23.339" endtime="20221027 09:17:23.339"/>
</kw>
<kw name="Validate Json Schema" library="jsonValidateSchema">
<arg>${inputJson}</arg>
<arg>${referenceSchemaPath}</arg>
<msg timestamp="20221027 09:17:23.341" level="INFO">{'type': 'object', 'properties': {'ERROR': {'type': 'string'}}, 'required': ['ERROR']}
{'type': 'object', 'properties': {'ERROR': {'type': 'string'}}, 'required': ['ERROR']}</msg>
<status status="PASS" starttime="20221027 09:17:23.339" endtime="20221027 09:17:23.341"/>
</kw>
<status status="PASS" starttime="20221027 09:17:23.338" endtime="20221027 09:17:23.341"/>
</kw>
<status status="PASS" starttime="20221027 09:17:23.326" endtime="20221027 09:17:23.342"/>
</kw>
<status status="PASS" starttime="20221027 09:17:23.326" endtime="20221027 09:17:23.342"/>
</test>
<test id="s1-s1-s2-s1-t7" name="Verify Delete Users With Wrong Autorization" line="34">
<kw name="Custom Test Template">
<arg>${suiteDeleteMethod}</arg>
<arg>${globalEndpointUsers}/1</arg>
<arg>${suiteWrongTokenHeader}</arg>
<kw name="Log To Console" library="BuiltIn">
<arg>\nSending Request To ${globalEndpointUsers}\n</arg>
<doc>Logs the given message to the console.</doc>
<status status="PASS" starttime="20221027 09:17:23.343" endtime="20221027 09:17:23.343"/>
</kw>
<kw name="Get Current Date" library="DateTime">
<var>${globalStartTime}</var>
<doc>Returns current local or UTC time with an optional increment.</doc>
<msg timestamp="20221027 09:17:23.344" level="INFO">${globalStartTime} = 2022-10-27 09:17:23.344</msg>
<status status="PASS" starttime="20221027 09:17:23.344" endtime="20221027 09:17:23.344"/>
</kw>
<kw name="Run Keyword" library="BuiltIn">
<var>${response}</var>
<arg>${METHOD}</arg>
<arg>url=${endpoint}</arg>
<arg>expected_status=${globalUnauthorizedStatusCode}</arg>
<arg>headers=${authHeader}</arg>
<doc>Executes the given keyword with the given arguments.</doc>
<kw name="DELETE" library="RequestsLibrary">
<arg>url=${endpoint}</arg>
<arg>expected_status=${globalUnauthorizedStatusCode}</arg>
<arg>headers=${authHeader}</arg>
<doc>Sends a DELETE request.</doc>
<msg timestamp="20221027 09:17:23.352" level="INFO">DELETE Request : url=http://127.0.0.1:5000/users/1 
 path_url=/users/1 
 headers={'User-Agent': 'python-requests/2.28.1', 'Accept-Encoding': 'gzip, deflate', 'Accept': '*/*', 'Connection': 'keep-alive', 'Authorization': 'Bearer wr0ngT0k3n', 'Content-Length': '0'} 
 body=None 
 </msg>
<msg timestamp="20221027 09:17:23.353" level="INFO">DELETE Response : url=http://127.0.0.1:5000/users/1 
 status=401, reason=UNAUTHORIZED 
 headers={'Server': 'Werkzeug/2.2.2 Python/3.9.6', 'Date': 'Thu, 27 Oct 2022 07:17:23 GMT', 'Content-Type': 'application/json', 'Content-Length': '27', 'Connection': 'close'} 
 body={"ERROR":"NOT AUTHORIZED"}
 
 </msg>
<status status="PASS" starttime="20221027 09:17:23.346" endtime="20221027 09:17:23.353"/>
</kw>
<msg timestamp="20221027 09:17:23.353" level="INFO">${response} = &lt;Response [401]&gt;</msg>
<status status="PASS" starttime="20221027 09:17:23.344" endtime="20221027 09:17:23.353"/>
</kw>
<kw name="Get Current Date" library="DateTime">
<var>${globalEndTime}</var>
<doc>Returns current local or UTC time with an optional increment.</doc>
<msg timestamp="20221027 09:17:23.353" level="INFO">${globalEndTime} = 2022-10-27 09:17:23.353</msg>
<status status="PASS" starttime="20221027 09:17:23.353" endtime="20221027 09:17:23.353"/>
</kw>
<kw name="Validate Response Time" library="validations">
<arg>${globalStartTime}</arg>
<arg>${globalEndTime}</arg>
<kw name="Log To Console" library="BuiltIn">
<arg>Validating the reponse time!</arg>
<doc>Logs the given message to the console.</doc>
<status status="PASS" starttime="20221027 09:17:23.354" endtime="20221027 09:17:23.354"/>
</kw>
<kw name="Subtract Date From Date" library="DateTime">
<var>${responseTime}</var>
<arg>${endTime}</arg>
<arg>${startTime}</arg>
<doc>Subtracts date from another date and returns time between.</doc>
<msg timestamp="20221027 09:17:23.355" level="INFO">${responseTime} = 0.009</msg>
<status status="PASS" starttime="20221027 09:17:23.354" endtime="20221027 09:17:23.355"/>
</kw>
<kw name="Run Keyword And Warn On Failure" library="BuiltIn">
<arg>Should Be True</arg>
<arg>${responseTime} &lt; ${expectedResponseTime}</arg>
<doc>Runs the specified keyword logs a warning if the keyword fails.</doc>
<kw name="Should Be True" library="BuiltIn">
<arg>${responseTime} &lt; ${expectedResponseTime}</arg>
<doc>Fails if the given condition is not true.</doc>
<msg timestamp="20221027 09:17:23.355" level="FAIL">'0.009 &lt; 0.007' should be true.</msg>
<status status="FAIL" starttime="20221027 09:17:23.355" endtime="20221027 09:17:23.355"/>
</kw>
<msg timestamp="20221027 09:17:23.355" level="WARN">Executing keyword 'Should Be True' failed:
'0.009 &lt; 0.007' should be true.</msg>
<status status="PASS" starttime="20221027 09:17:23.355" endtime="20221027 09:17:23.356"/>
</kw>
<status status="PASS" starttime="20221027 09:17:23.354" endtime="20221027 09:17:23.356"/>
</kw>
<kw name="Validate Schema" library="validations">
<arg>inputJson=${response.json()}</arg>
<arg>referenceSchemaPath=${globalSchemaLoginError}</arg>
<kw name="Log To Console" library="BuiltIn">
<arg>Validating the Json Schema!</arg>
<doc>Logs the given message to the console.</doc>
<status status="PASS" starttime="20221027 09:17:23.357" endtime="20221027 09:17:23.357"/>
</kw>
<kw name="Validate Json Schema" library="jsonValidateSchema">
<arg>${inputJson}</arg>
<arg>${referenceSchemaPath}</arg>
<msg timestamp="20221027 09:17:23.358" level="INFO">{'type': 'object', 'properties': {'ERROR': {'type': 'string'}}, 'required': ['ERROR']}
{'type': 'object', 'properties': {'ERROR': {'type': 'string'}}, 'required': ['ERROR']}</msg>
<status status="PASS" starttime="20221027 09:17:23.357" endtime="20221027 09:17:23.359"/>
</kw>
<status status="PASS" starttime="20221027 09:17:23.356" endtime="20221027 09:17:23.359"/>
</kw>
<status status="PASS" starttime="20221027 09:17:23.342" endtime="20221027 09:17:23.359"/>
</kw>
<status status="PASS" starttime="20221027 09:17:23.342" endtime="20221027 09:17:23.359"/>
</test>
<test id="s1-s1-s2-s1-t8" name="Verify Delete Users With Empty Autorization" line="37">
<kw name="Custom Test Template">
<arg>${suiteDeleteMethod}</arg>
<arg>${globalEndpointUsers}/1</arg>
<arg>${suiteEmptyTokenHeader}</arg>
<kw name="Log To Console" library="BuiltIn">
<arg>\nSending Request To ${globalEndpointUsers}\n</arg>
<doc>Logs the given message to the console.</doc>
<status status="PASS" starttime="20221027 09:17:23.360" endtime="20221027 09:17:23.360"/>
</kw>
<kw name="Get Current Date" library="DateTime">
<var>${globalStartTime}</var>
<doc>Returns current local or UTC time with an optional increment.</doc>
<msg timestamp="20221027 09:17:23.361" level="INFO">${globalStartTime} = 2022-10-27 09:17:23.361</msg>
<status status="PASS" starttime="20221027 09:17:23.360" endtime="20221027 09:17:23.361"/>
</kw>
<kw name="Run Keyword" library="BuiltIn">
<var>${response}</var>
<arg>${METHOD}</arg>
<arg>url=${endpoint}</arg>
<arg>expected_status=${globalUnauthorizedStatusCode}</arg>
<arg>headers=${authHeader}</arg>
<doc>Executes the given keyword with the given arguments.</doc>
<kw name="DELETE" library="RequestsLibrary">
<arg>url=${endpoint}</arg>
<arg>expected_status=${globalUnauthorizedStatusCode}</arg>
<arg>headers=${authHeader}</arg>
<doc>Sends a DELETE request.</doc>
<msg timestamp="20221027 09:17:23.367" level="INFO">DELETE Request : url=http://127.0.0.1:5000/users/1 
 path_url=/users/1 
 headers={'User-Agent': 'python-requests/2.28.1', 'Accept-Encoding': 'gzip, deflate', 'Accept': '*/*', 'Connection': 'keep-alive', 'Authorization': '', 'Content-Length': '0'} 
 body=None 
 </msg>
<msg timestamp="20221027 09:17:23.368" level="INFO">DELETE Response : url=http://127.0.0.1:5000/users/1 
 status=401, reason=UNAUTHORIZED 
 headers={'Server': 'Werkzeug/2.2.2 Python/3.9.6', 'Date': 'Thu, 27 Oct 2022 07:17:23 GMT', 'Content-Type': 'application/json', 'Content-Length': '27', 'Connection': 'close'} 
 body={"ERROR":"NOT AUTHORIZED"}
 
 </msg>
<status status="PASS" starttime="20221027 09:17:23.363" endtime="20221027 09:17:23.368"/>
</kw>
<msg timestamp="20221027 09:17:23.368" level="INFO">${response} = &lt;Response [401]&gt;</msg>
<status status="PASS" starttime="20221027 09:17:23.361" endtime="20221027 09:17:23.368"/>
</kw>
<kw name="Get Current Date" library="DateTime">
<var>${globalEndTime}</var>
<doc>Returns current local or UTC time with an optional increment.</doc>
<msg timestamp="20221027 09:17:23.368" level="INFO">${globalEndTime} = 2022-10-27 09:17:23.368</msg>
<status status="PASS" starttime="20221027 09:17:23.368" endtime="20221027 09:17:23.368"/>
</kw>
<kw name="Validate Response Time" library="validations">
<arg>${globalStartTime}</arg>
<arg>${globalEndTime}</arg>
<kw name="Log To Console" library="BuiltIn">
<arg>Validating the reponse time!</arg>
<doc>Logs the given message to the console.</doc>
<status status="PASS" starttime="20221027 09:17:23.369" endtime="20221027 09:17:23.369"/>
</kw>
<kw name="Subtract Date From Date" library="DateTime">
<var>${responseTime}</var>
<arg>${endTime}</arg>
<arg>${startTime}</arg>
<doc>Subtracts date from another date and returns time between.</doc>
<msg timestamp="20221027 09:17:23.370" level="INFO">${responseTime} = 0.007</msg>
<status status="PASS" starttime="20221027 09:17:23.369" endtime="20221027 09:17:23.370"/>
</kw>
<kw name="Run Keyword And Warn On Failure" library="BuiltIn">
<arg>Should Be True</arg>
<arg>${responseTime} &lt; ${expectedResponseTime}</arg>
<doc>Runs the specified keyword logs a warning if the keyword fails.</doc>
<kw name="Should Be True" library="BuiltIn">
<arg>${responseTime} &lt; ${expectedResponseTime}</arg>
<doc>Fails if the given condition is not true.</doc>
<msg timestamp="20221027 09:17:23.371" level="FAIL">'0.007 &lt; 0.007' should be true.</msg>
<status status="FAIL" starttime="20221027 09:17:23.370" endtime="20221027 09:17:23.371"/>
</kw>
<msg timestamp="20221027 09:17:23.371" level="WARN">Executing keyword 'Should Be True' failed:
'0.007 &lt; 0.007' should be true.</msg>
<status status="PASS" starttime="20221027 09:17:23.370" endtime="20221027 09:17:23.371"/>
</kw>
<status status="PASS" starttime="20221027 09:17:23.368" endtime="20221027 09:17:23.371"/>
</kw>
<kw name="Validate Schema" library="validations">
<arg>inputJson=${response.json()}</arg>
<arg>referenceSchemaPath=${globalSchemaLoginError}</arg>
<kw name="Log To Console" library="BuiltIn">
<arg>Validating the Json Schema!</arg>
<doc>Logs the given message to the console.</doc>
<status status="PASS" starttime="20221027 09:17:23.372" endtime="20221027 09:17:23.372"/>
</kw>
<kw name="Validate Json Schema" library="jsonValidateSchema">
<arg>${inputJson}</arg>
<arg>${referenceSchemaPath}</arg>
<msg timestamp="20221027 09:17:23.374" level="INFO">{'type': 'object', 'properties': {'ERROR': {'type': 'string'}}, 'required': ['ERROR']}
{'type': 'object', 'properties': {'ERROR': {'type': 'string'}}, 'required': ['ERROR']}</msg>
<status status="PASS" starttime="20221027 09:17:23.373" endtime="20221027 09:17:23.374"/>
</kw>
<status status="PASS" starttime="20221027 09:17:23.371" endtime="20221027 09:17:23.374"/>
</kw>
<status status="PASS" starttime="20221027 09:17:23.360" endtime="20221027 09:17:23.374"/>
</kw>
<status status="PASS" starttime="20221027 09:17:23.359" endtime="20221027 09:17:23.375"/>
</test>
<status status="PASS" starttime="20221027 09:17:23.221" endtime="20221027 09:17:23.375"/>
</suite>
<status status="PASS" starttime="20221027 09:17:23.219" endtime="20221027 09:17:23.376"/>
</suite>
<status status="PASS" starttime="20221027 09:17:22.524" endtime="20221027 09:17:23.377"/>
</suite>
<status status="PASS" starttime="20221027 09:17:22.501" endtime="20221027 09:17:23.378"/>
</suite>
<statistics>
<total>
<stat pass="19" fail="0" skip="0">All Tests</stat>
</total>
<tag>
</tag>
<suite>
<stat pass="19" fail="0" skip="0" id="s1" name="Tests">Tests</stat>
<stat pass="19" fail="0" skip="0" id="s1-s1" name="Api">Tests.Api</stat>
<stat pass="11" fail="0" skip="0" id="s1-s1-s1" name="Endpoints">Tests.Api.Endpoints</stat>
<stat pass="5" fail="0" skip="0" id="s1-s1-s1-s1" name="Login">Tests.Api.Endpoints.Login</stat>
<stat pass="1" fail="0" skip="0" id="s1-s1-s1-s1-s1" name="verifyLogin">Tests.Api.Endpoints.Login.verifyLogin</stat>
<stat pass="4" fail="0" skip="0" id="s1-s1-s1-s1-s2" name="wrongPasswordLogin">Tests.Api.Endpoints.Login.wrongPasswordLogin</stat>
<stat pass="5" fail="0" skip="0" id="s1-s1-s1-s2" name="Users">Tests.Api.Endpoints.Users</stat>
<stat pass="1" fail="0" skip="0" id="s1-s1-s1-s2-s1" name="verifyDeleteUsers">Tests.Api.Endpoints.Users.verifyDeleteUsers</stat>
<stat pass="1" fail="0" skip="0" id="s1-s1-s1-s2-s2" name="verifyGetUsers">Tests.Api.Endpoints.Users.verifyGetUsers</stat>
<stat pass="1" fail="0" skip="0" id="s1-s1-s1-s2-s3" name="verifyPostUsers">Tests.Api.Endpoints.Users.verifyPostUsers</stat>
<stat pass="2" fail="0" skip="0" id="s1-s1-s1-s2-s4" name="wrongContractsPostUsers">Tests.Api.Endpoints.Users.wrongContractsPostUsers</stat>
<stat pass="1" fail="0" skip="0" id="s1-s1-s1-s3" name="usersId">Tests.Api.Endpoints.usersId</stat>
<stat pass="1" fail="0" skip="0" id="s1-s1-s1-s3-s1" name="verifyUsersWithId">Tests.Api.Endpoints.usersId.verifyUsersWithId</stat>
<stat pass="8" fail="0" skip="0" id="s1-s1-s2" name="multipleEndpoints">Tests.Api.multipleEndpoints</stat>
<stat pass="8" fail="0" skip="0" id="s1-s1-s2-s1" name="verifyUnauthorozied">Tests.Api.multipleEndpoints.verifyUnauthorozied</stat>
</suite>
</statistics>
<errors>
<msg timestamp="20221027 09:17:22.900" level="WARN">Executing keyword 'Should Be True' failed:
'0.014 &lt; 0.007' should be true.</msg>
<msg timestamp="20221027 09:17:22.924" level="WARN">Executing keyword 'Should Be True' failed:
'0.008 &lt; 0.007' should be true.</msg>
<msg timestamp="20221027 09:17:22.970" level="WARN">Executing keyword 'Should Be True' failed:
'0.008 &lt; 0.007' should be true.</msg>
<msg timestamp="20221027 09:17:23.029" level="WARN">Executing keyword 'Should Be True' failed:
'0.026 &lt; 0.007' should be true.</msg>
<msg timestamp="20221027 09:17:23.046" level="WARN">Executing keyword 'Should Be True' failed:
'0.01 &lt; 0.007' should be true.</msg>
<msg timestamp="20221027 09:17:23.074" level="WARN">Executing keyword 'Should Be True' failed:
'0.008 &lt; 0.007' should be true.</msg>
<msg timestamp="20221027 09:17:23.113" level="WARN">Executing keyword 'Should Be True' failed:
'0.008 &lt; 0.007' should be true.</msg>
<msg timestamp="20221027 09:17:23.136" level="WARN">Executing keyword 'Should Be True' failed:
'0.008 &lt; 0.007' should be true.</msg>
<msg timestamp="20221027 09:17:23.161" level="WARN">Executing keyword 'Should Be True' failed:
'0.007 &lt; 0.007' should be true.</msg>
<msg timestamp="20221027 09:17:23.212" level="WARN">Executing keyword 'Should Be True' failed:
'0.009 &lt; 0.007' should be true.</msg>
<msg timestamp="20221027 09:17:23.240" level="WARN">Executing keyword 'Should Be True' failed:
'0.009 &lt; 0.007' should be true.</msg>
<msg timestamp="20221027 09:17:23.267" level="WARN">Executing keyword 'Should Be True' failed:
'0.019 &lt; 0.007' should be true.</msg>
<msg timestamp="20221027 09:17:23.285" level="WARN">Executing keyword 'Should Be True' failed:
'0.009 &lt; 0.007' should be true.</msg>
<msg timestamp="20221027 09:17:23.305" level="WARN">Executing keyword 'Should Be True' failed:
'0.009 &lt; 0.007' should be true.</msg>
<msg timestamp="20221027 09:17:23.321" level="WARN">Executing keyword 'Should Be True' failed:
'0.008 &lt; 0.007' should be true.</msg>
<msg timestamp="20221027 09:17:23.337" level="WARN">Executing keyword 'Should Be True' failed:
'0.008 &lt; 0.007' should be true.</msg>
<msg timestamp="20221027 09:17:23.355" level="WARN">Executing keyword 'Should Be True' failed:
'0.009 &lt; 0.007' should be true.</msg>
<msg timestamp="20221027 09:17:23.371" level="WARN">Executing keyword 'Should Be True' failed:
'0.007 &lt; 0.007' should be true.</msg>
</errors>
</robot>
